  [4;36;1mSQL (0.2ms)[0m   [0;1m SELECT name
 FROM sqlite_master
 WHERE type = 'table' AND NOT name = 'sqlite_sequence'
[0m
  [4;35;1mSQL (0.1ms)[0m   [0mselect sqlite_version(*)[0m
  [4;36;1mSQL (2.1ms)[0m   [0;1mCREATE TABLE "schema_migrations" ("version" varchar(255) NOT NULL) [0m
  [4;35;1mSQL (56.3ms)[0m   [0mCREATE UNIQUE INDEX "unique_schema_migrations" ON "schema_migrations" ("version")[0m
  [4;36;1mSQL (0.2ms)[0m   [0;1m SELECT name
 FROM sqlite_master
 WHERE type = 'table' AND NOT name = 'sqlite_sequence'
[0m
  [4;35;1mSQL (0.1ms)[0m   [0mSELECT version FROM schema_migrations[0m
Migrating to CreatePeople (20100303013028)
  [4;36;1mSQL (0.4ms)[0m   [0;1mCREATE TABLE "people" ("id" INTEGER PRIMARY KEY AUTOINCREMENT NOT NULL, "name" varchar(255), "created_at" datetime, "updated_at" datetime) [0m
  [4;35;1mSQL (0.1ms)[0m   [0mINSERT INTO schema_migrations (version) VALUES ('20100303013028')[0m
Migrating to CreateGrades (20100303013051)
  [4;36;1mSQL (0.4ms)[0m   [0;1mCREATE TABLE "grades" ("id" INTEGER PRIMARY KEY AUTOINCREMENT NOT NULL, "value" integer, "name" varchar(255), "created_at" datetime, "updated_at" datetime) [0m
  [4;35;1mSQL (0.1ms)[0m   [0mINSERT INTO schema_migrations (version) VALUES ('20100303013051')[0m
  [4;36;1mSQL (0.3ms)[0m   [0;1m SELECT name
 FROM sqlite_master
 WHERE type = 'table' AND NOT name = 'sqlite_sequence'
[0m
  [4;35;1mSQL (0.1ms)[0m   [0mSELECT version FROM schema_migrations[0m
  [4;36;1mSQL (0.2ms)[0m   [0;1m SELECT name
 FROM sqlite_master
 WHERE type = 'table' AND NOT name = 'sqlite_sequence'
[0m
  [4;35;1mSQL (0.1ms)[0m   [0mPRAGMA index_list("grades")[0m
  [4;36;1mSQL (0.0ms)[0m   [0;1mPRAGMA index_list("people")[0m
  [4;36;1mSQL (0.6ms)[0m   [0;1m SELECT name
 FROM sqlite_master
 WHERE type = 'table' AND NOT name = 'sqlite_sequence'
[0m
  [4;35;1mSQL (0.2ms)[0m   [0mSELECT version FROM schema_migrations[0m
Migrating to CreatePeople (20100303013028)
Migrating to CreateGrades (20100303013051)
Migrating to AddPersonIdToGrade (20100303013146)
  [4;36;1mSQL (0.1ms)[0m   [0;1mselect sqlite_version(*)[0m
  [4;35;1mSQL (12.9ms)[0m   [0mALTER TABLE "grades" ADD "person_id" integer[0m
  [4;36;1mSQL (0.1ms)[0m   [0;1mINSERT INTO schema_migrations (version) VALUES ('20100303013146')[0m
  [4;35;1mSQL (0.3ms)[0m   [0m SELECT name
 FROM sqlite_master
 WHERE type = 'table' AND NOT name = 'sqlite_sequence'
[0m
  [4;36;1mSQL (0.2ms)[0m   [0;1mSELECT version FROM schema_migrations[0m
  [4;35;1mSQL (0.2ms)[0m   [0m SELECT name
 FROM sqlite_master
 WHERE type = 'table' AND NOT name = 'sqlite_sequence'
[0m
  [4;36;1mSQL (0.0ms)[0m   [0;1mPRAGMA index_list("grades")[0m
  [4;35;1mSQL (0.0ms)[0m   [0mPRAGMA index_list("people")[0m
  [4;36;1mSQL (0.2ms)[0m   [0;1m SELECT name
 FROM sqlite_master
 WHERE type = 'table' AND NOT name = 'sqlite_sequence'
[0m
  [4;35;1mSQL (0.1ms)[0m   [0mselect sqlite_version(*)[0m
  [4;36;1mSQL (1.6ms)[0m   [0;1mCREATE TABLE "schema_migrations" ("version" varchar(255) NOT NULL) [0m
  [4;35;1mSQL (1.4ms)[0m   [0mCREATE UNIQUE INDEX "unique_schema_migrations" ON "schema_migrations" ("version")[0m
  [4;36;1mSQL (0.2ms)[0m   [0;1m SELECT name
 FROM sqlite_master
 WHERE type = 'table' AND NOT name = 'sqlite_sequence'
[0m
  [4;35;1mSQL (0.1ms)[0m   [0mSELECT version FROM schema_migrations[0m
Migrating to CreatePeople (20100303013028)
  [4;36;1mSQL (0.7ms)[0m   [0;1mCREATE TABLE "people" ("id" INTEGER PRIMARY KEY AUTOINCREMENT NOT NULL, "name" varchar(255), "created_at" datetime, "updated_at" datetime) [0m
  [4;35;1mSQL (0.3ms)[0m   [0mINSERT INTO schema_migrations (version) VALUES ('20100303013028')[0m
Migrating to CreateGrades (20100303013051)
  [4;36;1mSQL (0.4ms)[0m   [0;1mCREATE TABLE "grades" ("id" INTEGER PRIMARY KEY AUTOINCREMENT NOT NULL, "value" integer, "assignment_id" integer, "person_id" integer, "created_at" datetime, "updated_at" datetime) [0m
  [4;35;1mSQL (1.1ms)[0m   [0mINSERT INTO schema_migrations (version) VALUES ('20100303013051')[0m
Migrating to CreateAssignments (20100303013452)
  [4;36;1mSQL (5.0ms)[0m   [0;1mCREATE TABLE "assignments" ("id" INTEGER PRIMARY KEY AUTOINCREMENT NOT NULL, "name" varchar(255), "created_at" datetime, "updated_at" datetime) [0m
  [4;35;1mSQL (0.1ms)[0m   [0mINSERT INTO schema_migrations (version) VALUES ('20100303013452')[0m
  [4;36;1mSQL (0.3ms)[0m   [0;1m SELECT name
 FROM sqlite_master
 WHERE type = 'table' AND NOT name = 'sqlite_sequence'
[0m
  [4;35;1mSQL (0.2ms)[0m   [0mSELECT version FROM schema_migrations[0m
  [4;36;1mSQL (4.1ms)[0m   [0;1m SELECT name
 FROM sqlite_master
 WHERE type = 'table' AND NOT name = 'sqlite_sequence'
[0m
  [4;35;1mSQL (0.1ms)[0m   [0mPRAGMA index_list("assignments")[0m
  [4;36;1mSQL (0.0ms)[0m   [0;1mPRAGMA index_list("grades")[0m
  [4;35;1mSQL (0.0ms)[0m   [0mPRAGMA index_list("people")[0m


Processing PeopleController#index (for 127.0.0.1 at 2010-03-02 20:37:56) [GET]
  [4;36;1mPerson Load (0.4ms)[0m   [0;1mSELECT * FROM "people" [0m

ActionView::MissingTemplate (Missing template people/index.erb in view path app/views):
  

Rendering rescues/layout (internal_server_error)


Processing PeopleController#index (for 127.0.0.1 at 2010-03-02 20:38:29) [GET]
  [4;36;1mPerson Load (0.5ms)[0m   [0;1mSELECT * FROM "people" [0m
Rendering template within layouts/application
Rendering people/index
Completed in 193ms (View: 187, DB: 1) | 200 OK [http://localhost/people/]


Processing PeopleController#new (for 127.0.0.1 at 2010-03-02 20:38:31) [GET]
Rendering template within layouts/application
Rendering people/new
Rendered people/_form (53.7ms)
Completed in 67ms (View: 62, DB: 0) | 200 OK [http://localhost/people/new]


Processing PeopleController#create (for 127.0.0.1 at 2010-03-02 20:38:47) [POST]
  Parameters: {"person"=>{"name"=>"Dane, John"}, "commit"=>"Submit", "authenticity_token"=>"1j91rHBNjGWlUnSfNrugWzIJOF7fjRN7GsGrHLSct9s="}
  [4;35;1mPerson Create (0.5ms)[0m   [0mINSERT INTO "people" ("name", "created_at", "updated_at") VALUES('Dane, John', '2010-03-03 01:38:47', '2010-03-03 01:38:47')[0m
Redirected to http://localhost:3000/people/1
Completed in 12ms (DB: 0) | 302 Found [http://localhost/people]


Processing PeopleController#show (for 127.0.0.1 at 2010-03-02 20:38:47) [GET]
  Parameters: {"id"=>"1"}
  [4;36;1mPerson Load (0.2ms)[0m   [0;1mSELECT * FROM "people" WHERE ("people"."id" = 1) [0m
Rendering template within layouts/application
Rendering people/show
Completed in 32ms (View: 27, DB: 0) | 200 OK [http://localhost/people/1]


Processing PeopleController#index (for 127.0.0.1 at 2010-03-02 20:38:49) [GET]
  [4;35;1mPerson Load (0.4ms)[0m   [0mSELECT * FROM "people" [0m
Rendering template within layouts/application
Rendering people/index
Completed in 8ms (View: 4, DB: 0) | 200 OK [http://localhost/people]


Processing PeopleController#new (for 127.0.0.1 at 2010-03-02 20:38:50) [GET]
Rendering template within layouts/application
Rendering people/new
Rendered people/_form (2.9ms)
Completed in 9ms (View: 5, DB: 0) | 200 OK [http://localhost/people/new]


Processing PeopleController#create (for 127.0.0.1 at 2010-03-02 20:38:56) [POST]
  Parameters: {"person"=>{"name"=>"Goins, Sarah"}, "commit"=>"Submit", "authenticity_token"=>"1j91rHBNjGWlUnSfNrugWzIJOF7fjRN7GsGrHLSct9s="}
  [4;36;1mPerson Create (0.4ms)[0m   [0;1mINSERT INTO "people" ("name", "created_at", "updated_at") VALUES('Goins, Sarah', '2010-03-03 01:38:56', '2010-03-03 01:38:56')[0m
Redirected to http://localhost:3000/people/2
Completed in 9ms (DB: 0) | 302 Found [http://localhost/people]


Processing PeopleController#show (for 127.0.0.1 at 2010-03-02 20:38:56) [GET]
  Parameters: {"id"=>"2"}
  [4;35;1mPerson Load (0.3ms)[0m   [0mSELECT * FROM "people" WHERE ("people"."id" = 2) [0m
Rendering template within layouts/application
Rendering people/show
Completed in 13ms (View: 6, DB: 0) | 200 OK [http://localhost/people/2]


Processing PeopleController#index (for 127.0.0.1 at 2010-03-02 20:38:57) [GET]
  [4;36;1mPerson Load (0.5ms)[0m   [0;1mSELECT * FROM "people" [0m
Rendering template within layouts/application
Rendering people/index
Completed in 8ms (View: 4, DB: 0) | 200 OK [http://localhost/people]


Processing PeopleController#new (for 127.0.0.1 at 2010-03-02 20:38:58) [GET]
Rendering template within layouts/application
Rendering people/new
Rendered people/_form (2.6ms)
Completed in 9ms (View: 4, DB: 0) | 200 OK [http://localhost/people/new]


Processing PeopleController#create (for 127.0.0.1 at 2010-03-02 20:39:05) [POST]
  Parameters: {"person"=>{"name"=>"Lancaster, Robert"}, "commit"=>"Submit", "authenticity_token"=>"1j91rHBNjGWlUnSfNrugWzIJOF7fjRN7GsGrHLSct9s="}
  [4;35;1mPerson Create (0.3ms)[0m   [0mINSERT INTO "people" ("name", "created_at", "updated_at") VALUES('Lancaster, Robert', '2010-03-03 01:39:05', '2010-03-03 01:39:05')[0m
Redirected to http://localhost:3000/people/3
Completed in 9ms (DB: 0) | 302 Found [http://localhost/people]


Processing PeopleController#show (for 127.0.0.1 at 2010-03-02 20:39:05) [GET]
  Parameters: {"id"=>"3"}
  [4;36;1mPerson Load (0.2ms)[0m   [0;1mSELECT * FROM "people" WHERE ("people"."id" = 3) [0m
Rendering template within layouts/application
Rendering people/show
Completed in 12ms (View: 3, DB: 0) | 200 OK [http://localhost/people/3]


Processing PeopleController#index (for 127.0.0.1 at 2010-03-02 20:39:06) [GET]
  [4;35;1mPerson Load (0.5ms)[0m   [0mSELECT * FROM "people" [0m
Rendering template within layouts/application
Rendering people/index
Completed in 10ms (View: 5, DB: 1) | 200 OK [http://localhost/people]


Processing PeopleController#new (for 127.0.0.1 at 2010-03-02 20:39:07) [GET]
Rendering template within layouts/application
Rendering people/new
Rendered people/_form (2.5ms)
Completed in 9ms (View: 5, DB: 0) | 200 OK [http://localhost/people/new]


Processing PeopleController#create (for 127.0.0.1 at 2010-03-02 20:39:13) [POST]
  Parameters: {"person"=>{"name"=>"Osprey, Karen"}, "commit"=>"Submit", "authenticity_token"=>"1j91rHBNjGWlUnSfNrugWzIJOF7fjRN7GsGrHLSct9s="}
  [4;36;1mPerson Create (0.3ms)[0m   [0;1mINSERT INTO "people" ("name", "created_at", "updated_at") VALUES('Osprey, Karen', '2010-03-03 01:39:13', '2010-03-03 01:39:13')[0m
Redirected to http://localhost:3000/people/4
Completed in 10ms (DB: 0) | 302 Found [http://localhost/people]


Processing PeopleController#show (for 127.0.0.1 at 2010-03-02 20:39:13) [GET]
  Parameters: {"id"=>"4"}
  [4;35;1mPerson Load (0.2ms)[0m   [0mSELECT * FROM "people" WHERE ("people"."id" = 4) [0m
Rendering template within layouts/application
Rendering people/show
Completed in 31ms (View: 19, DB: 0) | 200 OK [http://localhost/people/4]


Processing PeopleController#index (for 127.0.0.1 at 2010-03-02 20:39:15) [GET]
  [4;36;1mPerson Load (0.6ms)[0m   [0;1mSELECT * FROM "people" [0m
Rendering template within layouts/application
Rendering people/index
Completed in 11ms (View: 7, DB: 1) | 200 OK [http://localhost/people]


Processing PeopleController#new (for 127.0.0.1 at 2010-03-02 20:39:16) [GET]
Rendering template within layouts/application
Rendering people/new
Rendered people/_form (2.3ms)
Completed in 8ms (View: 4, DB: 0) | 200 OK [http://localhost/people/new]


Processing PeopleController#create (for 127.0.0.1 at 2010-03-02 20:39:22) [POST]
  Parameters: {"person"=>{"name"=>"Samuels, Luke"}, "commit"=>"Submit", "authenticity_token"=>"1j91rHBNjGWlUnSfNrugWzIJOF7fjRN7GsGrHLSct9s="}
  [4;35;1mPerson Create (0.5ms)[0m   [0mINSERT INTO "people" ("name", "created_at", "updated_at") VALUES('Samuels, Luke', '2010-03-03 01:39:22', '2010-03-03 01:39:22')[0m
Redirected to http://localhost:3000/people/5
Completed in 8ms (DB: 1) | 302 Found [http://localhost/people]


Processing PeopleController#show (for 127.0.0.1 at 2010-03-02 20:39:22) [GET]
  Parameters: {"id"=>"5"}
  [4;36;1mPerson Load (0.3ms)[0m   [0;1mSELECT * FROM "people" WHERE ("people"."id" = 5) [0m
Rendering template within layouts/application
Rendering people/show
Completed in 12ms (View: 6, DB: 0) | 200 OK [http://localhost/people/5]


Processing PeopleController#index (for 127.0.0.1 at 2010-03-02 20:39:24) [GET]
  [4;35;1mPerson Load (0.7ms)[0m   [0mSELECT * FROM "people" [0m
Rendering template within layouts/application
Rendering people/index
Completed in 13ms (View: 9, DB: 1) | 200 OK [http://localhost/people]


Processing AssignmentsController#index (for 127.0.0.1 at 2010-03-02 20:39:30) [GET]
  [4;36;1mAssignment Load (0.3ms)[0m   [0;1mSELECT * FROM "assignments" [0m
Rendering template within layouts/application
Rendering assignments/index

ActionView::TemplateError (You have a nil object when you didn't expect it!
You might have expected an instance of Array.
The error occurred while evaluating nil.each) on line #11 of app/views/assignments/index.html.haml:
8:       %th
9:         = a.name
10: 
11:   - @people.each do |p|
12:     %tr
13:       %td
14:         = p.name

    app/views/assignments/index.html.haml:11:in `_run_haml_app47views47assignments47index46html46haml'
    haml (2.2.20) lib/haml/helpers/action_view_mods.rb:13:in `render'
    haml (2.2.20) lib/haml/helpers/action_view_mods.rb:13:in `render'
    haml (2.2.20) rails/./lib/sass/plugin/rails.rb:20:in `process'

Rendered rescues/_trace (43.8ms)
Rendered rescues/_request_and_response (1.3ms)
Rendering rescues/layout (internal_server_error)


Processing AssignmentsController#index (for 127.0.0.1 at 2010-03-02 20:39:47) [GET]
  [4;35;1mAssignment Load (0.4ms)[0m   [0mSELECT * FROM "assignments" [0m

NameError (uninitialized constant AssignmentsController::People):
  app/controllers/assignments_controller.rb:4:in `index'
  haml (2.2.20) rails/./lib/sass/plugin/rails.rb:20:in `process'

Rendered rescues/_trace (116.5ms)
Rendered rescues/_request_and_response (0.3ms)
Rendering rescues/layout (internal_server_error)


Processing AssignmentsController#index (for 127.0.0.1 at 2010-03-02 20:39:53) [GET]
  [4;36;1mAssignment Load (0.3ms)[0m   [0;1mSELECT * FROM "assignments" [0m
  [4;35;1mPerson Load (0.4ms)[0m   [0mSELECT * FROM "people" [0m
Rendering template within layouts/application
Rendering assignments/index
Completed in 10ms (View: 3, DB: 1) | 200 OK [http://localhost/assignments/]


Processing AssignmentsController#index (for 127.0.0.1 at 2010-03-02 20:41:12) [GET]
  [4;36;1mAssignment Load (0.5ms)[0m   [0;1mSELECT * FROM "assignments" [0m
  [4;35;1mPerson Load (0.5ms)[0m   [0mSELECT * FROM "people" [0m
Rendering template within layouts/application
Rendering assignments/index
Completed in 24ms (View: 12, DB: 1) | 200 OK [http://localhost/assignments/]


Processing AssignmentsController#new (for 127.0.0.1 at 2010-03-02 20:41:17) [GET]
Rendering template within layouts/application
Rendering assignments/new
Rendered assignments/_form (3.7ms)
Completed in 15ms (View: 12, DB: 0) | 200 OK [http://localhost/assignments/new]


Processing AssignmentsController#create (for 127.0.0.1 at 2010-03-02 20:41:26) [POST]
  Parameters: {"commit"=>"Submit", "assignment"=>{"name"=>"Week 6 Quiz"}, "authenticity_token"=>"1j91rHBNjGWlUnSfNrugWzIJOF7fjRN7GsGrHLSct9s="}
  [4;36;1mAssignment Create (0.3ms)[0m   [0;1mINSERT INTO "assignments" ("name", "created_at", "updated_at") VALUES('Week 6 Quiz', '2010-03-03 01:41:26', '2010-03-03 01:41:26')[0m
Redirected to http://localhost:3000/assignments/1
Completed in 8ms (DB: 0) | 302 Found [http://localhost/assignments]


Processing AssignmentsController#show (for 127.0.0.1 at 2010-03-02 20:41:26) [GET]
  Parameters: {"id"=>"1"}
  [4;35;1mAssignment Load (1.0ms)[0m   [0mSELECT * FROM "assignments" WHERE ("assignments"."id" = 1) [0m
Rendering template within layouts/application
Rendering assignments/show
Completed in 47ms (View: 13, DB: 1) | 200 OK [http://localhost/assignments/1]


Processing AssignmentsController#index (for 127.0.0.1 at 2010-03-02 20:41:28) [GET]
  [4;36;1mAssignment Load (0.5ms)[0m   [0;1mSELECT * FROM "assignments" [0m
  [4;35;1mPerson Load (0.4ms)[0m   [0mSELECT * FROM "people" [0m
Rendering template within layouts/application
Rendering assignments/index

ActionView::TemplateError (undefined method `grades' for #<Assignment:0x1034b6cf8>) on line #17 of app/views/assignments/index.html.haml:
14:         = p.name
15:       - @assignments.each do |a|
16:         %td
17:           = a.grades.find_by_person_id(p).try(:value)
18: 
19:   %tr
20:     %th

    app/views/assignments/index.html.haml:17:in `_run_haml_app47views47assignments47index46html46haml'
    app/views/assignments/index.html.haml:15:in `each'
    app/views/assignments/index.html.haml:15:in `_run_haml_app47views47assignments47index46html46haml'
    app/views/assignments/index.html.haml:11:in `each'
    app/views/assignments/index.html.haml:11:in `_run_haml_app47views47assignments47index46html46haml'
    haml (2.2.20) lib/haml/helpers/action_view_mods.rb:13:in `render'
    haml (2.2.20) lib/haml/helpers/action_view_mods.rb:13:in `render'
    haml (2.2.20) rails/./lib/sass/plugin/rails.rb:20:in `process'

Rendered rescues/_trace (46.0ms)
Rendered rescues/_request_and_response (0.3ms)
Rendering rescues/layout (internal_server_error)


Processing AssignmentsController#index (for 127.0.0.1 at 2010-03-02 20:42:00) [GET]
  [4;36;1mAssignment Load (0.4ms)[0m   [0;1mSELECT * FROM "assignments" [0m
  [4;35;1mPerson Load (0.3ms)[0m   [0mSELECT * FROM "people" [0m
Rendering template within layouts/application
Rendering assignments/index
  [4;36;1mGrade Load (0.2ms)[0m   [0;1mSELECT * FROM "grades" WHERE ("grades"."person_id" = 1) AND ("grades".assignment_id = 1) LIMIT 1[0m
  [4;35;1mGrade Load (0.1ms)[0m   [0mSELECT * FROM "grades" WHERE ("grades"."person_id" = 2) AND ("grades".assignment_id = 1) LIMIT 1[0m
  [4;36;1mGrade Load (0.1ms)[0m   [0;1mSELECT * FROM "grades" WHERE ("grades"."person_id" = 3) AND ("grades".assignment_id = 1) LIMIT 1[0m
  [4;35;1mGrade Load (0.1ms)[0m   [0mSELECT * FROM "grades" WHERE ("grades"."person_id" = 4) AND ("grades".assignment_id = 1) LIMIT 1[0m
  [4;36;1mGrade Load (0.1ms)[0m   [0;1mSELECT * FROM "grades" WHERE ("grades"."person_id" = 5) AND ("grades".assignment_id = 1) LIMIT 1[0m
Completed in 117ms (View: 91, DB: 1) | 200 OK [http://localhost/assignments]


Processing AssignmentsController#index (for 127.0.0.1 at 2010-03-02 20:42:21) [GET]
  [4;35;1mAssignment Load (0.4ms)[0m   [0mSELECT * FROM "assignments" [0m
  [4;36;1mPerson Load (0.4ms)[0m   [0;1mSELECT * FROM "people" [0m
Rendering template within layouts/application
Rendering assignments/index
  [4;35;1mGrade Load (0.6ms)[0m   [0mSELECT * FROM "grades" WHERE ("grades"."person_id" = 1) AND ("grades".assignment_id = 1) LIMIT 1[0m
  [4;36;1mGrade Load (0.1ms)[0m   [0;1mSELECT * FROM "grades" WHERE ("grades"."person_id" = 2) AND ("grades".assignment_id = 1) LIMIT 1[0m
  [4;35;1mGrade Load (0.1ms)[0m   [0mSELECT * FROM "grades" WHERE ("grades"."person_id" = 3) AND ("grades".assignment_id = 1) LIMIT 1[0m
  [4;36;1mGrade Load (0.1ms)[0m   [0;1mSELECT * FROM "grades" WHERE ("grades"."person_id" = 4) AND ("grades".assignment_id = 1) LIMIT 1[0m
  [4;35;1mGrade Load (0.1ms)[0m   [0mSELECT * FROM "grades" WHERE ("grades"."person_id" = 5) AND ("grades".assignment_id = 1) LIMIT 1[0m
Completed in 27ms (View: 20, DB: 2) | 200 OK [http://localhost/assignments]


Processing GradesController#index (for 127.0.0.1 at 2010-03-02 20:42:36) [GET]
  [4;36;1mGrade Load (0.3ms)[0m   [0;1mSELECT * FROM "grades" [0m
Rendering template within layouts/application
Rendering grades/index
Completed in 14ms (View: 9, DB: 0) | 200 OK [http://localhost/grades/]


Processing GradesController#new (for 127.0.0.1 at 2010-03-02 20:42:38) [GET]
Rendering template within layouts/application
Rendering grades/new

ActionView::TemplateError (undefined method `name' for #<Grade:0x1031d44b8>) on line #10 of app/views/grades/_form.html.haml:
7:   %p
8:     = f.label :name
9:     %br
10:     = f.text_field :name
11:   %p
12:     = f.submit "Submit"

    app/views/grades/_form.html.haml:10:in `_run_haml_app47views47grades47_form46html46haml_locals_form_object'
    haml (2.2.20) lib/haml/helpers/action_view_mods.rb:165:in `call'
    haml (2.2.20) lib/haml/helpers/action_view_mods.rb:165:in `form_for'
    haml (2.2.20) lib/haml/helpers.rb:546:in `call'
    haml (2.2.20) lib/haml/helpers.rb:546:in `haml_bind_proc'
    haml (2.2.20) lib/haml/helpers/action_view_mods.rb:171:in `form_for'
    app/views/grades/_form.html.haml:1:in `_run_haml_app47views47grades47_form46html46haml_locals_form_object'
    haml (2.2.20) lib/haml/helpers/action_view_mods.rb:11:in `render'
    haml (2.2.20) lib/haml/helpers.rb:96:in `non_haml'
    haml (2.2.20) lib/haml/helpers/action_view_mods.rb:11:in `render'
    app/views/grades/new.html.haml:3:in `_run_haml_app47views47grades47new46html46haml'
    haml (2.2.20) lib/haml/helpers/action_view_mods.rb:13:in `render'
    haml (2.2.20) lib/haml/helpers/action_view_mods.rb:13:in `render'
    haml (2.2.20) rails/./lib/sass/plugin/rails.rb:20:in `process'

Rendered rescues/_trace (63.4ms)
Rendered rescues/_request_and_response (0.3ms)
Rendering rescues/layout (internal_server_error)


Processing GradesController#new (for 127.0.0.1 at 2010-03-02 20:43:28) [GET]
Rendering template within layouts/application
Rendering grades/new
Rendered grades/_form (5.6ms)
Completed in 15ms (View: 11, DB: 0) | 200 OK [http://localhost/grades/new]
  [4;36;1mAssignment Create (0.4ms)[0m   [0;1mINSERT INTO "assignments" ("name", "created_at", "updated_at") VALUES('Week 7 Review Sheet', '2010-03-03 01:44:30', '2010-03-03 01:44:30')[0m
  [4;35;1mAssignment Create (0.6ms)[0m   [0mINSERT INTO "assignments" ("name", "created_at", "updated_at") VALUES('Week 8 Quiz', '2010-03-03 01:44:39', '2010-03-03 01:44:39')[0m
  [4;36;1mPerson Load (1.1ms)[0m   [0;1mSELECT * FROM "people" [0m
  [4;35;1mAssignment Load (0.4ms)[0m   [0mSELECT * FROM "assignments" [0m
  [4;36;1mPerson Load (0.6ms)[0m   [0;1mSELECT * FROM "people" [0m
  [4;35;1mAssignment Load (0.4ms)[0m   [0mSELECT * FROM "assignments" [0m
WARNING: Can't mass-assign these protected attributes: assignment
  [4;36;1mGrade Create (0.3ms)[0m   [0;1mINSERT INTO "grades" ("created_at", "updated_at", "assignment_id", "value", "person_id") VALUES('2010-03-03 01:46:29', '2010-03-03 01:46:29', NULL, 2, 1)[0m
WARNING: Can't mass-assign these protected attributes: assignment
  [4;35;1mGrade Create (0.2ms)[0m   [0mINSERT INTO "grades" ("created_at", "updated_at", "assignment_id", "value", "person_id") VALUES('2010-03-03 01:46:29', '2010-03-03 01:46:29', NULL, 4, 1)[0m
WARNING: Can't mass-assign these protected attributes: assignment
  [4;36;1mGrade Create (0.2ms)[0m   [0;1mINSERT INTO "grades" ("created_at", "updated_at", "assignment_id", "value", "person_id") VALUES('2010-03-03 01:46:29', '2010-03-03 01:46:29', NULL, 3, 1)[0m
WARNING: Can't mass-assign these protected attributes: assignment
  [4;35;1mGrade Create (0.2ms)[0m   [0mINSERT INTO "grades" ("created_at", "updated_at", "assignment_id", "value", "person_id") VALUES('2010-03-03 01:46:29', '2010-03-03 01:46:29', NULL, 1, 2)[0m
WARNING: Can't mass-assign these protected attributes: assignment
  [4;36;1mGrade Create (0.2ms)[0m   [0;1mINSERT INTO "grades" ("created_at", "updated_at", "assignment_id", "value", "person_id") VALUES('2010-03-03 01:46:29', '2010-03-03 01:46:29', NULL, 1, 2)[0m
WARNING: Can't mass-assign these protected attributes: assignment
  [4;35;1mGrade Create (0.2ms)[0m   [0mINSERT INTO "grades" ("created_at", "updated_at", "assignment_id", "value", "person_id") VALUES('2010-03-03 01:46:29', '2010-03-03 01:46:29', NULL, 3, 2)[0m
WARNING: Can't mass-assign these protected attributes: assignment
  [4;36;1mGrade Create (0.3ms)[0m   [0;1mINSERT INTO "grades" ("created_at", "updated_at", "assignment_id", "value", "person_id") VALUES('2010-03-03 01:46:29', '2010-03-03 01:46:29', NULL, 2, 3)[0m
WARNING: Can't mass-assign these protected attributes: assignment
  [4;35;1mGrade Create (2.7ms)[0m   [0mINSERT INTO "grades" ("created_at", "updated_at", "assignment_id", "value", "person_id") VALUES('2010-03-03 01:46:29', '2010-03-03 01:46:29', NULL, 4, 3)[0m
WARNING: Can't mass-assign these protected attributes: assignment
  [4;36;1mGrade Create (0.3ms)[0m   [0;1mINSERT INTO "grades" ("created_at", "updated_at", "assignment_id", "value", "person_id") VALUES('2010-03-03 01:46:29', '2010-03-03 01:46:29', NULL, 1, 3)[0m
WARNING: Can't mass-assign these protected attributes: assignment
  [4;35;1mGrade Create (0.2ms)[0m   [0mINSERT INTO "grades" ("created_at", "updated_at", "assignment_id", "value", "person_id") VALUES('2010-03-03 01:46:29', '2010-03-03 01:46:29', NULL, 3, 4)[0m
WARNING: Can't mass-assign these protected attributes: assignment
  [4;36;1mGrade Create (0.3ms)[0m   [0;1mINSERT INTO "grades" ("created_at", "updated_at", "assignment_id", "value", "person_id") VALUES('2010-03-03 01:46:29', '2010-03-03 01:46:29', NULL, 3, 4)[0m
WARNING: Can't mass-assign these protected attributes: assignment
  [4;35;1mGrade Create (0.2ms)[0m   [0mINSERT INTO "grades" ("created_at", "updated_at", "assignment_id", "value", "person_id") VALUES('2010-03-03 01:46:29', '2010-03-03 01:46:29', NULL, 3, 4)[0m
WARNING: Can't mass-assign these protected attributes: assignment
  [4;36;1mGrade Create (0.5ms)[0m   [0;1mINSERT INTO "grades" ("created_at", "updated_at", "assignment_id", "value", "person_id") VALUES('2010-03-03 01:46:29', '2010-03-03 01:46:29', NULL, 1, 5)[0m
WARNING: Can't mass-assign these protected attributes: assignment
  [4;35;1mGrade Create (0.3ms)[0m   [0mINSERT INTO "grades" ("created_at", "updated_at", "assignment_id", "value", "person_id") VALUES('2010-03-03 01:46:29', '2010-03-03 01:46:29', NULL, 2, 5)[0m
WARNING: Can't mass-assign these protected attributes: assignment
  [4;36;1mGrade Create (0.3ms)[0m   [0;1mINSERT INTO "grades" ("created_at", "updated_at", "assignment_id", "value", "person_id") VALUES('2010-03-03 01:46:29', '2010-03-03 01:46:29', NULL, 3, 5)[0m


Processing AssignmentsController#index (for 127.0.0.1 at 2010-03-02 20:46:37) [GET]
  [4;35;1mAssignment Load (0.5ms)[0m   [0mSELECT * FROM "assignments" [0m
  [4;36;1mPerson Load (0.4ms)[0m   [0;1mSELECT * FROM "people" [0m
Rendering template within layouts/application
Rendering assignments/index
  [4;35;1mGrade Load (0.2ms)[0m   [0mSELECT * FROM "grades" WHERE ("grades"."person_id" = 1) AND ("grades".assignment_id = 1) LIMIT 1[0m
  [4;36;1mGrade Load (0.1ms)[0m   [0;1mSELECT * FROM "grades" WHERE ("grades"."person_id" = 1) AND ("grades".assignment_id = 2) LIMIT 1[0m
  [4;35;1mGrade Load (0.1ms)[0m   [0mSELECT * FROM "grades" WHERE ("grades"."person_id" = 1) AND ("grades".assignment_id = 3) LIMIT 1[0m
  [4;36;1mGrade Load (0.1ms)[0m   [0;1mSELECT * FROM "grades" WHERE ("grades"."person_id" = 2) AND ("grades".assignment_id = 1) LIMIT 1[0m
  [4;35;1mGrade Load (0.1ms)[0m   [0mSELECT * FROM "grades" WHERE ("grades"."person_id" = 2) AND ("grades".assignment_id = 2) LIMIT 1[0m
  [4;36;1mGrade Load (0.1ms)[0m   [0;1mSELECT * FROM "grades" WHERE ("grades"."person_id" = 2) AND ("grades".assignment_id = 3) LIMIT 1[0m
  [4;35;1mGrade Load (0.1ms)[0m   [0mSELECT * FROM "grades" WHERE ("grades"."person_id" = 3) AND ("grades".assignment_id = 1) LIMIT 1[0m
  [4;36;1mGrade Load (0.1ms)[0m   [0;1mSELECT * FROM "grades" WHERE ("grades"."person_id" = 3) AND ("grades".assignment_id = 2) LIMIT 1[0m
  [4;35;1mGrade Load (0.1ms)[0m   [0mSELECT * FROM "grades" WHERE ("grades"."person_id" = 3) AND ("grades".assignment_id = 3) LIMIT 1[0m
  [4;36;1mGrade Load (0.1ms)[0m   [0;1mSELECT * FROM "grades" WHERE ("grades"."person_id" = 4) AND ("grades".assignment_id = 1) LIMIT 1[0m
  [4;35;1mGrade Load (0.1ms)[0m   [0mSELECT * FROM "grades" WHERE ("grades"."person_id" = 4) AND ("grades".assignment_id = 2) LIMIT 1[0m
  [4;36;1mGrade Load (0.1ms)[0m   [0;1mSELECT * FROM "grades" WHERE ("grades"."person_id" = 4) AND ("grades".assignment_id = 3) LIMIT 1[0m
  [4;35;1mGrade Load (0.1ms)[0m   [0mSELECT * FROM "grades" WHERE ("grades"."person_id" = 5) AND ("grades".assignment_id = 1) LIMIT 1[0m
  [4;36;1mGrade Load (0.1ms)[0m   [0;1mSELECT * FROM "grades" WHERE ("grades"."person_id" = 5) AND ("grades".assignment_id = 2) LIMIT 1[0m
  [4;35;1mGrade Load (0.1ms)[0m   [0mSELECT * FROM "grades" WHERE ("grades"."person_id" = 5) AND ("grades".assignment_id = 3) LIMIT 1[0m
Completed in 107ms (View: 98, DB: 3) | 200 OK [http://localhost/assignments/]
  [4;35;1mGrade Load (0.5ms)[0m   [0mSELECT * FROM "grades" WHERE ("grades".person_id = 1) [0m
  [4;36;1mGrade Load (1.1ms)[0m   [0;1mSELECT * FROM "grades" [0m
  [4;35;1mGrade Destroy (0.6ms)[0m   [0mDELETE FROM "grades" WHERE "id" = 1[0m
  [4;36;1mGrade Destroy (0.2ms)[0m   [0;1mDELETE FROM "grades" WHERE "id" = 2[0m
  [4;35;1mGrade Destroy (0.2ms)[0m   [0mDELETE FROM "grades" WHERE "id" = 3[0m
  [4;36;1mGrade Destroy (0.2ms)[0m   [0;1mDELETE FROM "grades" WHERE "id" = 4[0m
  [4;35;1mGrade Destroy (0.2ms)[0m   [0mDELETE FROM "grades" WHERE "id" = 5[0m
  [4;36;1mGrade Destroy (0.2ms)[0m   [0;1mDELETE FROM "grades" WHERE "id" = 6[0m
  [4;35;1mGrade Destroy (0.3ms)[0m   [0mDELETE FROM "grades" WHERE "id" = 7[0m
  [4;36;1mGrade Destroy (0.2ms)[0m   [0;1mDELETE FROM "grades" WHERE "id" = 8[0m
  [4;35;1mGrade Destroy (0.2ms)[0m   [0mDELETE FROM "grades" WHERE "id" = 9[0m
  [4;36;1mGrade Destroy (0.3ms)[0m   [0;1mDELETE FROM "grades" WHERE "id" = 10[0m
  [4;35;1mGrade Destroy (0.2ms)[0m   [0mDELETE FROM "grades" WHERE "id" = 11[0m
  [4;36;1mGrade Destroy (0.2ms)[0m   [0;1mDELETE FROM "grades" WHERE "id" = 12[0m
  [4;35;1mGrade Destroy (0.3ms)[0m   [0mDELETE FROM "grades" WHERE "id" = 13[0m
  [4;36;1mGrade Destroy (0.3ms)[0m   [0;1mDELETE FROM "grades" WHERE "id" = 14[0m
  [4;35;1mGrade Destroy (0.4ms)[0m   [0mDELETE FROM "grades" WHERE "id" = 15[0m
WARNING: Can't mass-assign these protected attributes: assignment_id
  [4;36;1mGrade Create (0.4ms)[0m   [0;1mINSERT INTO "grades" ("created_at", "updated_at", "assignment_id", "value", "person_id") VALUES('2010-03-03 01:47:12', '2010-03-03 01:47:12', NULL, 4, 1)[0m
WARNING: Can't mass-assign these protected attributes: assignment_id
  [4;35;1mGrade Create (0.2ms)[0m   [0mINSERT INTO "grades" ("created_at", "updated_at", "assignment_id", "value", "person_id") VALUES('2010-03-03 01:47:12', '2010-03-03 01:47:12', NULL, 3, 1)[0m
WARNING: Can't mass-assign these protected attributes: assignment_id
  [4;36;1mGrade Create (0.7ms)[0m   [0;1mINSERT INTO "grades" ("created_at", "updated_at", "assignment_id", "value", "person_id") VALUES('2010-03-03 01:47:12', '2010-03-03 01:47:12', NULL, 2, 1)[0m
WARNING: Can't mass-assign these protected attributes: assignment_id
  [4;35;1mGrade Create (0.4ms)[0m   [0mINSERT INTO "grades" ("created_at", "updated_at", "assignment_id", "value", "person_id") VALUES('2010-03-03 01:47:12', '2010-03-03 01:47:12', NULL, 2, 2)[0m
WARNING: Can't mass-assign these protected attributes: assignment_id
  [4;36;1mGrade Create (0.3ms)[0m   [0;1mINSERT INTO "grades" ("created_at", "updated_at", "assignment_id", "value", "person_id") VALUES('2010-03-03 01:47:12', '2010-03-03 01:47:12', NULL, 1, 2)[0m
WARNING: Can't mass-assign these protected attributes: assignment_id
  [4;35;1mGrade Create (0.3ms)[0m   [0mINSERT INTO "grades" ("created_at", "updated_at", "assignment_id", "value", "person_id") VALUES('2010-03-03 01:47:12', '2010-03-03 01:47:12', NULL, 1, 2)[0m
WARNING: Can't mass-assign these protected attributes: assignment_id
  [4;36;1mGrade Create (6.0ms)[0m   [0;1mINSERT INTO "grades" ("created_at", "updated_at", "assignment_id", "value", "person_id") VALUES('2010-03-03 01:47:12', '2010-03-03 01:47:12', NULL, 1, 3)[0m
WARNING: Can't mass-assign these protected attributes: assignment_id
  [4;35;1mGrade Create (5.6ms)[0m   [0mINSERT INTO "grades" ("created_at", "updated_at", "assignment_id", "value", "person_id") VALUES('2010-03-03 01:47:12', '2010-03-03 01:47:12', NULL, 3, 3)[0m
WARNING: Can't mass-assign these protected attributes: assignment_id
  [4;36;1mGrade Create (0.4ms)[0m   [0;1mINSERT INTO "grades" ("created_at", "updated_at", "assignment_id", "value", "person_id") VALUES('2010-03-03 01:47:12', '2010-03-03 01:47:12', NULL, 2, 3)[0m
WARNING: Can't mass-assign these protected attributes: assignment_id
  [4;35;1mGrade Create (0.7ms)[0m   [0mINSERT INTO "grades" ("created_at", "updated_at", "assignment_id", "value", "person_id") VALUES('2010-03-03 01:47:12', '2010-03-03 01:47:12', NULL, 3, 4)[0m
WARNING: Can't mass-assign these protected attributes: assignment_id
  [4;36;1mGrade Create (0.7ms)[0m   [0;1mINSERT INTO "grades" ("created_at", "updated_at", "assignment_id", "value", "person_id") VALUES('2010-03-03 01:47:12', '2010-03-03 01:47:12', NULL, 1, 4)[0m
WARNING: Can't mass-assign these protected attributes: assignment_id
  [4;35;1mGrade Create (0.3ms)[0m   [0mINSERT INTO "grades" ("created_at", "updated_at", "assignment_id", "value", "person_id") VALUES('2010-03-03 01:47:12', '2010-03-03 01:47:12', NULL, 1, 4)[0m
WARNING: Can't mass-assign these protected attributes: assignment_id
  [4;36;1mGrade Create (0.3ms)[0m   [0;1mINSERT INTO "grades" ("created_at", "updated_at", "assignment_id", "value", "person_id") VALUES('2010-03-03 01:47:12', '2010-03-03 01:47:12', NULL, 3, 5)[0m
WARNING: Can't mass-assign these protected attributes: assignment_id
  [4;35;1mGrade Create (0.3ms)[0m   [0mINSERT INTO "grades" ("created_at", "updated_at", "assignment_id", "value", "person_id") VALUES('2010-03-03 01:47:12', '2010-03-03 01:47:12', NULL, 2, 5)[0m
WARNING: Can't mass-assign these protected attributes: assignment_id
  [4;36;1mGrade Create (0.3ms)[0m   [0;1mINSERT INTO "grades" ("created_at", "updated_at", "assignment_id", "value", "person_id") VALUES('2010-03-03 01:47:12', '2010-03-03 01:47:12', NULL, 2, 5)[0m


Processing AssignmentsController#index (for 127.0.0.1 at 2010-03-02 20:47:15) [GET]
  [4;36;1mAssignment Load (0.5ms)[0m   [0;1mSELECT * FROM "assignments" [0m
  [4;35;1mPerson Load (0.4ms)[0m   [0mSELECT * FROM "people" [0m
Rendering template within layouts/application
Rendering assignments/index
  [4;36;1mGrade Load (0.2ms)[0m   [0;1mSELECT * FROM "grades" WHERE ("grades"."person_id" = 1) AND ("grades".assignment_id = 1) LIMIT 1[0m
  [4;35;1mGrade Load (0.1ms)[0m   [0mSELECT * FROM "grades" WHERE ("grades"."person_id" = 1) AND ("grades".assignment_id = 2) LIMIT 1[0m
  [4;36;1mGrade Load (0.3ms)[0m   [0;1mSELECT * FROM "grades" WHERE ("grades"."person_id" = 1) AND ("grades".assignment_id = 3) LIMIT 1[0m
  [4;35;1mGrade Load (0.1ms)[0m   [0mSELECT * FROM "grades" WHERE ("grades"."person_id" = 2) AND ("grades".assignment_id = 1) LIMIT 1[0m
  [4;36;1mGrade Load (0.1ms)[0m   [0;1mSELECT * FROM "grades" WHERE ("grades"."person_id" = 2) AND ("grades".assignment_id = 2) LIMIT 1[0m
  [4;35;1mGrade Load (0.1ms)[0m   [0mSELECT * FROM "grades" WHERE ("grades"."person_id" = 2) AND ("grades".assignment_id = 3) LIMIT 1[0m
  [4;36;1mGrade Load (0.2ms)[0m   [0;1mSELECT * FROM "grades" WHERE ("grades"."person_id" = 3) AND ("grades".assignment_id = 1) LIMIT 1[0m
  [4;35;1mGrade Load (0.1ms)[0m   [0mSELECT * FROM "grades" WHERE ("grades"."person_id" = 3) AND ("grades".assignment_id = 2) LIMIT 1[0m
  [4;36;1mGrade Load (0.2ms)[0m   [0;1mSELECT * FROM "grades" WHERE ("grades"."person_id" = 3) AND ("grades".assignment_id = 3) LIMIT 1[0m
  [4;35;1mGrade Load (0.2ms)[0m   [0mSELECT * FROM "grades" WHERE ("grades"."person_id" = 4) AND ("grades".assignment_id = 1) LIMIT 1[0m
  [4;36;1mGrade Load (0.1ms)[0m   [0;1mSELECT * FROM "grades" WHERE ("grades"."person_id" = 4) AND ("grades".assignment_id = 2) LIMIT 1[0m
  [4;35;1mGrade Load (0.1ms)[0m   [0mSELECT * FROM "grades" WHERE ("grades"."person_id" = 4) AND ("grades".assignment_id = 3) LIMIT 1[0m
  [4;36;1mGrade Load (0.1ms)[0m   [0;1mSELECT * FROM "grades" WHERE ("grades"."person_id" = 5) AND ("grades".assignment_id = 1) LIMIT 1[0m
  [4;35;1mGrade Load (0.1ms)[0m   [0mSELECT * FROM "grades" WHERE ("grades"."person_id" = 5) AND ("grades".assignment_id = 2) LIMIT 1[0m
  [4;36;1mGrade Load (0.1ms)[0m   [0;1mSELECT * FROM "grades" WHERE ("grades"."person_id" = 5) AND ("grades".assignment_id = 3) LIMIT 1[0m
Completed in 31ms (View: 21, DB: 3) | 200 OK [http://localhost/assignments/]
  [4;35;1mGrade Load (0.3ms)[0m   [0mSELECT * FROM "grades" ORDER BY grades.id DESC LIMIT 1[0m
  [4;36;1mGrade Load (1.5ms)[0m   [0;1mSELECT * FROM "grades" [0m
  [4;35;1mGrade Destroy (0.3ms)[0m   [0mDELETE FROM "grades" WHERE "id" = 16[0m
  [4;36;1mGrade Destroy (0.2ms)[0m   [0;1mDELETE FROM "grades" WHERE "id" = 17[0m
  [4;35;1mGrade Destroy (0.2ms)[0m   [0mDELETE FROM "grades" WHERE "id" = 18[0m
  [4;36;1mGrade Destroy (0.2ms)[0m   [0;1mDELETE FROM "grades" WHERE "id" = 19[0m
  [4;35;1mGrade Destroy (0.2ms)[0m   [0mDELETE FROM "grades" WHERE "id" = 20[0m
  [4;36;1mGrade Destroy (0.2ms)[0m   [0;1mDELETE FROM "grades" WHERE "id" = 21[0m
  [4;35;1mGrade Destroy (0.4ms)[0m   [0mDELETE FROM "grades" WHERE "id" = 22[0m
  [4;36;1mGrade Destroy (0.2ms)[0m   [0;1mDELETE FROM "grades" WHERE "id" = 23[0m
  [4;35;1mGrade Destroy (0.2ms)[0m   [0mDELETE FROM "grades" WHERE "id" = 24[0m
  [4;36;1mGrade Destroy (0.2ms)[0m   [0;1mDELETE FROM "grades" WHERE "id" = 25[0m
  [4;35;1mGrade Destroy (0.3ms)[0m   [0mDELETE FROM "grades" WHERE "id" = 26[0m
  [4;36;1mGrade Destroy (0.2ms)[0m   [0;1mDELETE FROM "grades" WHERE "id" = 27[0m
  [4;35;1mGrade Destroy (0.2ms)[0m   [0mDELETE FROM "grades" WHERE "id" = 28[0m
  [4;36;1mGrade Destroy (0.2ms)[0m   [0;1mDELETE FROM "grades" WHERE "id" = 29[0m
  [4;35;1mGrade Destroy (0.2ms)[0m   [0mDELETE FROM "grades" WHERE "id" = 30[0m
  [4;36;1mAssignment Load (4.3ms)[0m   [0;1mSELECT * FROM "assignments" [0m
  [4;35;1mPerson Load (0.5ms)[0m   [0mSELECT * FROM "people" [0m
  [4;36;1mGrade Create (0.6ms)[0m   [0;1mINSERT INTO "grades" ("created_at", "updated_at", "assignment_id", "value", "person_id") VALUES('2010-03-03 01:48:01', '2010-03-03 01:48:01', 1, 4, 1)[0m
  [4;35;1mGrade Create (0.3ms)[0m   [0mINSERT INTO "grades" ("created_at", "updated_at", "assignment_id", "value", "person_id") VALUES('2010-03-03 01:48:01', '2010-03-03 01:48:01', 2, 2, 1)[0m
  [4;36;1mGrade Create (0.2ms)[0m   [0;1mINSERT INTO "grades" ("created_at", "updated_at", "assignment_id", "value", "person_id") VALUES('2010-03-03 01:48:01', '2010-03-03 01:48:01', 3, 2, 1)[0m
  [4;35;1mGrade Create (0.2ms)[0m   [0mINSERT INTO "grades" ("created_at", "updated_at", "assignment_id", "value", "person_id") VALUES('2010-03-03 01:48:01', '2010-03-03 01:48:01', 1, 2, 2)[0m
  [4;36;1mGrade Create (0.5ms)[0m   [0;1mINSERT INTO "grades" ("created_at", "updated_at", "assignment_id", "value", "person_id") VALUES('2010-03-03 01:48:01', '2010-03-03 01:48:01', 2, 1, 2)[0m
  [4;35;1mGrade Create (0.4ms)[0m   [0mINSERT INTO "grades" ("created_at", "updated_at", "assignment_id", "value", "person_id") VALUES('2010-03-03 01:48:01', '2010-03-03 01:48:01', 3, 4, 2)[0m
  [4;36;1mGrade Create (0.3ms)[0m   [0;1mINSERT INTO "grades" ("created_at", "updated_at", "assignment_id", "value", "person_id") VALUES('2010-03-03 01:48:01', '2010-03-03 01:48:01', 1, 3, 3)[0m
  [4;35;1mGrade Create (0.2ms)[0m   [0mINSERT INTO "grades" ("created_at", "updated_at", "assignment_id", "value", "person_id") VALUES('2010-03-03 01:48:01', '2010-03-03 01:48:01', 2, 2, 3)[0m
  [4;36;1mGrade Create (0.3ms)[0m   [0;1mINSERT INTO "grades" ("created_at", "updated_at", "assignment_id", "value", "person_id") VALUES('2010-03-03 01:48:01', '2010-03-03 01:48:01', 3, 1, 3)[0m
  [4;35;1mGrade Create (0.3ms)[0m   [0mINSERT INTO "grades" ("created_at", "updated_at", "assignment_id", "value", "person_id") VALUES('2010-03-03 01:48:01', '2010-03-03 01:48:01', 1, 4, 4)[0m
  [4;36;1mGrade Create (0.3ms)[0m   [0;1mINSERT INTO "grades" ("created_at", "updated_at", "assignment_id", "value", "person_id") VALUES('2010-03-03 01:48:01', '2010-03-03 01:48:01', 2, 1, 4)[0m
  [4;35;1mGrade Create (0.2ms)[0m   [0mINSERT INTO "grades" ("created_at", "updated_at", "assignment_id", "value", "person_id") VALUES('2010-03-03 01:48:01', '2010-03-03 01:48:01', 3, 2, 4)[0m
  [4;36;1mGrade Create (0.4ms)[0m   [0;1mINSERT INTO "grades" ("created_at", "updated_at", "assignment_id", "value", "person_id") VALUES('2010-03-03 01:48:01', '2010-03-03 01:48:01', 1, 2, 5)[0m
  [4;35;1mGrade Create (0.3ms)[0m   [0mINSERT INTO "grades" ("created_at", "updated_at", "assignment_id", "value", "person_id") VALUES('2010-03-03 01:48:02', '2010-03-03 01:48:02', 2, 1, 5)[0m
  [4;36;1mGrade Create (3.2ms)[0m   [0;1mINSERT INTO "grades" ("created_at", "updated_at", "assignment_id", "value", "person_id") VALUES('2010-03-03 01:48:02', '2010-03-03 01:48:02', 3, 4, 5)[0m
  [4;35;1mGrade Load (0.3ms)[0m   [0mSELECT * FROM "grades" ORDER BY grades.id DESC LIMIT 1[0m


Processing AssignmentsController#index (for 127.0.0.1 at 2010-03-02 20:48:08) [GET]
  [4;35;1mAssignment Load (0.5ms)[0m   [0mSELECT * FROM "assignments" [0m
  [4;36;1mPerson Load (0.4ms)[0m   [0;1mSELECT * FROM "people" [0m
Rendering template within layouts/application
Rendering assignments/index
  [4;35;1mGrade Load (0.3ms)[0m   [0mSELECT * FROM "grades" WHERE ("grades"."person_id" = 1) AND ("grades".assignment_id = 1) LIMIT 1[0m
  [4;36;1mGrade Load (0.2ms)[0m   [0;1mSELECT * FROM "grades" WHERE ("grades"."person_id" = 1) AND ("grades".assignment_id = 2) LIMIT 1[0m
  [4;35;1mGrade Load (0.2ms)[0m   [0mSELECT * FROM "grades" WHERE ("grades"."person_id" = 1) AND ("grades".assignment_id = 3) LIMIT 1[0m
  [4;36;1mGrade Load (0.2ms)[0m   [0;1mSELECT * FROM "grades" WHERE ("grades"."person_id" = 2) AND ("grades".assignment_id = 1) LIMIT 1[0m
  [4;35;1mGrade Load (0.2ms)[0m   [0mSELECT * FROM "grades" WHERE ("grades"."person_id" = 2) AND ("grades".assignment_id = 2) LIMIT 1[0m
  [4;36;1mGrade Load (0.2ms)[0m   [0;1mSELECT * FROM "grades" WHERE ("grades"."person_id" = 2) AND ("grades".assignment_id = 3) LIMIT 1[0m
  [4;35;1mGrade Load (0.2ms)[0m   [0mSELECT * FROM "grades" WHERE ("grades"."person_id" = 3) AND ("grades".assignment_id = 1) LIMIT 1[0m
  [4;36;1mGrade Load (0.2ms)[0m   [0;1mSELECT * FROM "grades" WHERE ("grades"."person_id" = 3) AND ("grades".assignment_id = 2) LIMIT 1[0m
  [4;35;1mGrade Load (0.2ms)[0m   [0mSELECT * FROM "grades" WHERE ("grades"."person_id" = 3) AND ("grades".assignment_id = 3) LIMIT 1[0m
  [4;36;1mGrade Load (0.2ms)[0m   [0;1mSELECT * FROM "grades" WHERE ("grades"."person_id" = 4) AND ("grades".assignment_id = 1) LIMIT 1[0m
  [4;35;1mGrade Load (0.2ms)[0m   [0mSELECT * FROM "grades" WHERE ("grades"."person_id" = 4) AND ("grades".assignment_id = 2) LIMIT 1[0m
  [4;36;1mGrade Load (0.2ms)[0m   [0;1mSELECT * FROM "grades" WHERE ("grades"."person_id" = 4) AND ("grades".assignment_id = 3) LIMIT 1[0m
  [4;35;1mGrade Load (0.4ms)[0m   [0mSELECT * FROM "grades" WHERE ("grades"."person_id" = 5) AND ("grades".assignment_id = 1) LIMIT 1[0m
  [4;36;1mGrade Load (0.3ms)[0m   [0;1mSELECT * FROM "grades" WHERE ("grades"."person_id" = 5) AND ("grades".assignment_id = 2) LIMIT 1[0m
  [4;35;1mGrade Load (1.3ms)[0m   [0mSELECT * FROM "grades" WHERE ("grades"."person_id" = 5) AND ("grades".assignment_id = 3) LIMIT 1[0m
Completed in 34ms (View: 21, DB: 5) | 200 OK [http://localhost/assignments/]
  [4;36;1mAssignment Load (0.4ms)[0m   [0;1mSELECT * FROM "assignments" ORDER BY assignments.id DESC LIMIT 1[0m
  [4;35;1mAssignment Load (0.4ms)[0m   [0mSELECT * FROM "assignments" ORDER BY assignments.id DESC LIMIT 1[0m


Processing AssignmentsController#index (for 127.0.0.1 at 2010-03-02 22:55:49) [GET]
  [4;36;1mAssignment Load (1.0ms)[0m   [0;1mSELECT * FROM "assignments" [0m
  [4;35;1mPerson Load (0.5ms)[0m   [0mSELECT * FROM "people" [0m
Rendering template within layouts/application
Rendering assignments/index
  [4;36;1mGrade Load (0.4ms)[0m   [0;1mSELECT * FROM "grades" WHERE ("grades"."person_id" = 1) AND ("grades".assignment_id = 1) LIMIT 1[0m
  [4;35;1mGrade Load (0.3ms)[0m   [0mSELECT * FROM "grades" WHERE ("grades"."person_id" = 1) AND ("grades".assignment_id = 2) LIMIT 1[0m
  [4;36;1mGrade Load (0.2ms)[0m   [0;1mSELECT * FROM "grades" WHERE ("grades"."person_id" = 1) AND ("grades".assignment_id = 3) LIMIT 1[0m
  [4;35;1mGrade Load (0.2ms)[0m   [0mSELECT * FROM "grades" WHERE ("grades"."person_id" = 2) AND ("grades".assignment_id = 1) LIMIT 1[0m
  [4;36;1mGrade Load (0.2ms)[0m   [0;1mSELECT * FROM "grades" WHERE ("grades"."person_id" = 2) AND ("grades".assignment_id = 2) LIMIT 1[0m
  [4;35;1mGrade Load (0.2ms)[0m   [0mSELECT * FROM "grades" WHERE ("grades"."person_id" = 2) AND ("grades".assignment_id = 3) LIMIT 1[0m
  [4;36;1mGrade Load (0.2ms)[0m   [0;1mSELECT * FROM "grades" WHERE ("grades"."person_id" = 3) AND ("grades".assignment_id = 1) LIMIT 1[0m
  [4;35;1mGrade Load (0.2ms)[0m   [0mSELECT * FROM "grades" WHERE ("grades"."person_id" = 3) AND ("grades".assignment_id = 2) LIMIT 1[0m
  [4;36;1mGrade Load (0.2ms)[0m   [0;1mSELECT * FROM "grades" WHERE ("grades"."person_id" = 3) AND ("grades".assignment_id = 3) LIMIT 1[0m
  [4;35;1mGrade Load (0.2ms)[0m   [0mSELECT * FROM "grades" WHERE ("grades"."person_id" = 4) AND ("grades".assignment_id = 1) LIMIT 1[0m
  [4;36;1mGrade Load (0.2ms)[0m   [0;1mSELECT * FROM "grades" WHERE ("grades"."person_id" = 4) AND ("grades".assignment_id = 2) LIMIT 1[0m
  [4;35;1mGrade Load (0.2ms)[0m   [0mSELECT * FROM "grades" WHERE ("grades"."person_id" = 4) AND ("grades".assignment_id = 3) LIMIT 1[0m
  [4;36;1mGrade Load (0.2ms)[0m   [0;1mSELECT * FROM "grades" WHERE ("grades"."person_id" = 5) AND ("grades".assignment_id = 1) LIMIT 1[0m
  [4;35;1mGrade Load (0.2ms)[0m   [0mSELECT * FROM "grades" WHERE ("grades"."person_id" = 5) AND ("grades".assignment_id = 2) LIMIT 1[0m
  [4;36;1mGrade Load (0.2ms)[0m   [0;1mSELECT * FROM "grades" WHERE ("grades"."person_id" = 5) AND ("grades".assignment_id = 3) LIMIT 1[0m
Completed in 123ms (View: 102, DB: 5) | 200 OK [http://localhost/assignments/]


Processing ApplicationController#index (for 127.0.0.1 at 2010-03-02 22:55:50) [GET]

ActionController::RoutingError (No route matches "/images/images/generated/assignment_id_2.png" with {:method=>:get}):
  

Rendering rescues/layout (not_found)


Processing ApplicationController#index (for 127.0.0.1 at 2010-03-02 22:55:50) [GET]

ActionController::RoutingError (No route matches "/images/images/generated/assignment_id_3.png" with {:method=>:get}):
  

Rendering rescues/layout (not_found)


Processing ApplicationController#index (for 127.0.0.1 at 2010-03-02 22:55:50) [GET]

ActionController::RoutingError (No route matches "/images/images/generated/assignment_id_1.png" with {:method=>:get}):
  

Rendering rescues/layout (not_found)


Processing ApplicationController#index (for 127.0.0.1 at 2010-03-02 22:55:58) [GET]

ActionController::RoutingError (No route matches "/images/images/generated/assignment_id_1.png" with {:method=>:get}):
  

Rendering rescues/layout (not_found)


Processing AssignmentsController#index (for 127.0.0.1 at 2010-03-02 22:56:17) [GET]
  [4;35;1mAssignment Load (0.7ms)[0m   [0mSELECT * FROM "assignments" [0m
  [4;36;1mPerson Load (0.4ms)[0m   [0;1mSELECT * FROM "people" [0m
Rendering template within layouts/application
Rendering assignments/index
  [4;35;1mGrade Load (0.3ms)[0m   [0mSELECT * FROM "grades" WHERE ("grades"."person_id" = 1) AND ("grades".assignment_id = 1) LIMIT 1[0m
  [4;36;1mGrade Load (0.2ms)[0m   [0;1mSELECT * FROM "grades" WHERE ("grades"."person_id" = 1) AND ("grades".assignment_id = 2) LIMIT 1[0m
  [4;35;1mGrade Load (0.2ms)[0m   [0mSELECT * FROM "grades" WHERE ("grades"."person_id" = 1) AND ("grades".assignment_id = 3) LIMIT 1[0m
  [4;36;1mGrade Load (0.3ms)[0m   [0;1mSELECT * FROM "grades" WHERE ("grades"."person_id" = 2) AND ("grades".assignment_id = 1) LIMIT 1[0m
  [4;35;1mGrade Load (0.2ms)[0m   [0mSELECT * FROM "grades" WHERE ("grades"."person_id" = 2) AND ("grades".assignment_id = 2) LIMIT 1[0m
  [4;36;1mGrade Load (0.2ms)[0m   [0;1mSELECT * FROM "grades" WHERE ("grades"."person_id" = 2) AND ("grades".assignment_id = 3) LIMIT 1[0m
  [4;35;1mGrade Load (0.2ms)[0m   [0mSELECT * FROM "grades" WHERE ("grades"."person_id" = 3) AND ("grades".assignment_id = 1) LIMIT 1[0m
  [4;36;1mGrade Load (0.2ms)[0m   [0;1mSELECT * FROM "grades" WHERE ("grades"."person_id" = 3) AND ("grades".assignment_id = 2) LIMIT 1[0m
  [4;35;1mGrade Load (0.2ms)[0m   [0mSELECT * FROM "grades" WHERE ("grades"."person_id" = 3) AND ("grades".assignment_id = 3) LIMIT 1[0m
  [4;36;1mGrade Load (0.2ms)[0m   [0;1mSELECT * FROM "grades" WHERE ("grades"."person_id" = 4) AND ("grades".assignment_id = 1) LIMIT 1[0m
  [4;35;1mGrade Load (0.2ms)[0m   [0mSELECT * FROM "grades" WHERE ("grades"."person_id" = 4) AND ("grades".assignment_id = 2) LIMIT 1[0m
  [4;36;1mGrade Load (0.2ms)[0m   [0;1mSELECT * FROM "grades" WHERE ("grades"."person_id" = 4) AND ("grades".assignment_id = 3) LIMIT 1[0m
  [4;35;1mGrade Load (0.2ms)[0m   [0mSELECT * FROM "grades" WHERE ("grades"."person_id" = 5) AND ("grades".assignment_id = 1) LIMIT 1[0m
  [4;36;1mGrade Load (0.2ms)[0m   [0;1mSELECT * FROM "grades" WHERE ("grades"."person_id" = 5) AND ("grades".assignment_id = 2) LIMIT 1[0m
  [4;35;1mGrade Load (0.2ms)[0m   [0mSELECT * FROM "grades" WHERE ("grades"."person_id" = 5) AND ("grades".assignment_id = 3) LIMIT 1[0m
Completed in 32ms (View: 20, DB: 4) | 200 OK [http://localhost/assignments/]


Processing ApplicationController#index (for 127.0.0.1 at 2010-03-02 22:56:17) [GET]

ActionController::RoutingError (No route matches "/images/generated/assignment_id_1.png" with {:method=>:get}):
  

Rendering rescues/layout (not_found)


Processing ApplicationController#index (for 127.0.0.1 at 2010-03-02 22:56:17) [GET]

ActionController::RoutingError (No route matches "/images/generated/assignment_id_2.png" with {:method=>:get}):
  

Rendering rescues/layout (not_found)


Processing AssignmentsController#edit (for 127.0.0.1 at 2010-03-02 22:56:26) [GET]
  Parameters: {"id"=>"1"}
  [4;36;1mAssignment Load (0.2ms)[0m   [0;1mSELECT * FROM "assignments" WHERE ("assignments"."id" = 1) [0m
Rendering template within layouts/application
Rendering assignments/edit
Rendered assignments/_form (5.3ms)
Completed in 102ms (View: 95, DB: 0) | 200 OK [http://localhost/assignments/1/edit]


Processing AssignmentsController#update (for 127.0.0.1 at 2010-03-02 22:56:29) [PUT]
  Parameters: {"commit"=>"Submit", "assignment"=>{"name"=>"Week 6 Quizz"}, "authenticity_token"=>"1j91rHBNjGWlUnSfNrugWzIJOF7fjRN7GsGrHLSct9s=", "id"=>"1"}
  [4;35;1mAssignment Load (0.2ms)[0m   [0mSELECT * FROM "assignments" WHERE ("assignments"."id" = 1) [0m
  [4;36;1mAssignment Update (0.7ms)[0m   [0;1mUPDATE "assignments" SET "updated_at" = '2010-03-03 03:56:29', "name" = 'Week 6 Quizz' WHERE "id" = 1[0m
Redirected to http://localhost:3000/assignments/1
Completed in 84ms (DB: 1) | 302 Found [http://localhost/assignments/1]


Processing AssignmentsController#show (for 127.0.0.1 at 2010-03-02 22:56:29) [GET]
  Parameters: {"id"=>"1"}
  [4;35;1mAssignment Load (0.5ms)[0m   [0mSELECT * FROM "assignments" WHERE ("assignments"."id" = 1) [0m
Rendering template within layouts/application
Rendering assignments/show
Completed in 23ms (View: 16, DB: 1) | 200 OK [http://localhost/assignments/1]


Processing AssignmentsController#index (for 127.0.0.1 at 2010-03-02 22:56:30) [GET]
  [4;36;1mAssignment Load (0.6ms)[0m   [0;1mSELECT * FROM "assignments" [0m
  [4;35;1mPerson Load (0.4ms)[0m   [0mSELECT * FROM "people" [0m
Rendering template within layouts/application
Rendering assignments/index
  [4;36;1mGrade Load (0.3ms)[0m   [0;1mSELECT * FROM "grades" WHERE ("grades"."person_id" = 1) AND ("grades".assignment_id = 1) LIMIT 1[0m
  [4;35;1mGrade Load (0.3ms)[0m   [0mSELECT * FROM "grades" WHERE ("grades"."person_id" = 1) AND ("grades".assignment_id = 2) LIMIT 1[0m
  [4;36;1mGrade Load (0.2ms)[0m   [0;1mSELECT * FROM "grades" WHERE ("grades"."person_id" = 1) AND ("grades".assignment_id = 3) LIMIT 1[0m
  [4;35;1mGrade Load (0.2ms)[0m   [0mSELECT * FROM "grades" WHERE ("grades"."person_id" = 2) AND ("grades".assignment_id = 1) LIMIT 1[0m
  [4;36;1mGrade Load (0.2ms)[0m   [0;1mSELECT * FROM "grades" WHERE ("grades"."person_id" = 2) AND ("grades".assignment_id = 2) LIMIT 1[0m
  [4;35;1mGrade Load (0.2ms)[0m   [0mSELECT * FROM "grades" WHERE ("grades"."person_id" = 2) AND ("grades".assignment_id = 3) LIMIT 1[0m
  [4;36;1mGrade Load (0.2ms)[0m   [0;1mSELECT * FROM "grades" WHERE ("grades"."person_id" = 3) AND ("grades".assignment_id = 1) LIMIT 1[0m
  [4;35;1mGrade Load (0.2ms)[0m   [0mSELECT * FROM "grades" WHERE ("grades"."person_id" = 3) AND ("grades".assignment_id = 2) LIMIT 1[0m
  [4;36;1mGrade Load (0.2ms)[0m   [0;1mSELECT * FROM "grades" WHERE ("grades"."person_id" = 3) AND ("grades".assignment_id = 3) LIMIT 1[0m
  [4;35;1mGrade Load (0.2ms)[0m   [0mSELECT * FROM "grades" WHERE ("grades"."person_id" = 4) AND ("grades".assignment_id = 1) LIMIT 1[0m
  [4;36;1mGrade Load (0.2ms)[0m   [0;1mSELECT * FROM "grades" WHERE ("grades"."person_id" = 4) AND ("grades".assignment_id = 2) LIMIT 1[0m
  [4;35;1mGrade Load (0.2ms)[0m   [0mSELECT * FROM "grades" WHERE ("grades"."person_id" = 4) AND ("grades".assignment_id = 3) LIMIT 1[0m
  [4;36;1mGrade Load (0.2ms)[0m   [0;1mSELECT * FROM "grades" WHERE ("grades"."person_id" = 5) AND ("grades".assignment_id = 1) LIMIT 1[0m
  [4;35;1mGrade Load (0.2ms)[0m   [0mSELECT * FROM "grades" WHERE ("grades"."person_id" = 5) AND ("grades".assignment_id = 2) LIMIT 1[0m
  [4;36;1mGrade Load (0.2ms)[0m   [0;1mSELECT * FROM "grades" WHERE ("grades"."person_id" = 5) AND ("grades".assignment_id = 3) LIMIT 1[0m
Completed in 35ms (View: 22, DB: 4) | 200 OK [http://localhost/assignments]


Processing ApplicationController#index (for 127.0.0.1 at 2010-03-02 22:56:30) [GET]

ActionController::RoutingError (No route matches "/images/generated/assignment_id_2.png" with {:method=>:get}):
  

Rendering rescues/layout (not_found)


Processing AssignmentsController#edit (for 127.0.0.1 at 2010-03-02 22:56:32) [GET]
  Parameters: {"id"=>"2"}
  [4;35;1mAssignment Load (0.2ms)[0m   [0mSELECT * FROM "assignments" WHERE ("assignments"."id" = 2) [0m
Rendering template within layouts/application
Rendering assignments/edit
Rendered assignments/_form (3.0ms)
Completed in 11ms (View: 5, DB: 0) | 200 OK [http://localhost/assignments/2/edit]


Processing AssignmentsController#update (for 127.0.0.1 at 2010-03-02 22:56:37) [PUT]
  Parameters: {"commit"=>"Submit", "assignment"=>{"name"=>"Week 7 Review Sheets"}, "authenticity_token"=>"1j91rHBNjGWlUnSfNrugWzIJOF7fjRN7GsGrHLSct9s=", "id"=>"2"}
  [4;36;1mAssignment Load (0.2ms)[0m   [0;1mSELECT * FROM "assignments" WHERE ("assignments"."id" = 2) [0m
  [4;35;1mAssignment Update (0.2ms)[0m   [0mUPDATE "assignments" SET "updated_at" = '2010-03-03 03:56:37', "name" = 'Week 7 Review Sheets' WHERE "id" = 2[0m
Redirected to http://localhost:3000/assignments/2
Completed in 13ms (DB: 0) | 302 Found [http://localhost/assignments/2]


Processing AssignmentsController#show (for 127.0.0.1 at 2010-03-02 22:56:37) [GET]
  Parameters: {"id"=>"2"}
  [4;36;1mAssignment Load (0.3ms)[0m   [0;1mSELECT * FROM "assignments" WHERE ("assignments"."id" = 2) [0m
Rendering template within layouts/application
Rendering assignments/show
Completed in 14ms (View: 7, DB: 0) | 200 OK [http://localhost/assignments/2]


Processing AssignmentsController#index (for 127.0.0.1 at 2010-03-02 22:56:38) [GET]
  [4;35;1mAssignment Load (0.5ms)[0m   [0mSELECT * FROM "assignments" [0m
  [4;36;1mPerson Load (0.3ms)[0m   [0;1mSELECT * FROM "people" [0m
Rendering template within layouts/application
Rendering assignments/index
  [4;35;1mGrade Load (0.3ms)[0m   [0mSELECT * FROM "grades" WHERE ("grades"."person_id" = 1) AND ("grades".assignment_id = 1) LIMIT 1[0m
  [4;36;1mGrade Load (0.3ms)[0m   [0;1mSELECT * FROM "grades" WHERE ("grades"."person_id" = 1) AND ("grades".assignment_id = 2) LIMIT 1[0m
  [4;35;1mGrade Load (0.3ms)[0m   [0mSELECT * FROM "grades" WHERE ("grades"."person_id" = 1) AND ("grades".assignment_id = 3) LIMIT 1[0m
  [4;36;1mGrade Load (0.2ms)[0m   [0;1mSELECT * FROM "grades" WHERE ("grades"."person_id" = 2) AND ("grades".assignment_id = 1) LIMIT 1[0m
  [4;35;1mGrade Load (0.3ms)[0m   [0mSELECT * FROM "grades" WHERE ("grades"."person_id" = 2) AND ("grades".assignment_id = 2) LIMIT 1[0m
  [4;36;1mGrade Load (0.2ms)[0m   [0;1mSELECT * FROM "grades" WHERE ("grades"."person_id" = 2) AND ("grades".assignment_id = 3) LIMIT 1[0m
  [4;35;1mGrade Load (0.3ms)[0m   [0mSELECT * FROM "grades" WHERE ("grades"."person_id" = 3) AND ("grades".assignment_id = 1) LIMIT 1[0m
  [4;36;1mGrade Load (0.6ms)[0m   [0;1mSELECT * FROM "grades" WHERE ("grades"."person_id" = 3) AND ("grades".assignment_id = 2) LIMIT 1[0m
  [4;35;1mGrade Load (0.2ms)[0m   [0mSELECT * FROM "grades" WHERE ("grades"."person_id" = 3) AND ("grades".assignment_id = 3) LIMIT 1[0m
  [4;36;1mGrade Load (0.2ms)[0m   [0;1mSELECT * FROM "grades" WHERE ("grades"."person_id" = 4) AND ("grades".assignment_id = 1) LIMIT 1[0m
  [4;35;1mGrade Load (0.2ms)[0m   [0mSELECT * FROM "grades" WHERE ("grades"."person_id" = 4) AND ("grades".assignment_id = 2) LIMIT 1[0m
  [4;36;1mGrade Load (0.2ms)[0m   [0;1mSELECT * FROM "grades" WHERE ("grades"."person_id" = 4) AND ("grades".assignment_id = 3) LIMIT 1[0m
  [4;35;1mGrade Load (0.2ms)[0m   [0mSELECT * FROM "grades" WHERE ("grades"."person_id" = 5) AND ("grades".assignment_id = 1) LIMIT 1[0m
  [4;36;1mGrade Load (0.2ms)[0m   [0;1mSELECT * FROM "grades" WHERE ("grades"."person_id" = 5) AND ("grades".assignment_id = 2) LIMIT 1[0m
  [4;35;1mGrade Load (0.2ms)[0m   [0mSELECT * FROM "grades" WHERE ("grades"."person_id" = 5) AND ("grades".assignment_id = 3) LIMIT 1[0m
Completed in 33ms (View: 22, DB: 5) | 200 OK [http://localhost/assignments]


Processing AssignmentsController#edit (for 127.0.0.1 at 2010-03-02 22:56:40) [GET]
  Parameters: {"id"=>"1"}
  [4;36;1mAssignment Load (0.2ms)[0m   [0;1mSELECT * FROM "assignments" WHERE ("assignments"."id" = 1) [0m
Rendering template within layouts/application
Rendering assignments/edit
Rendered assignments/_form (2.7ms)
Completed in 81ms (View: 76, DB: 0) | 200 OK [http://localhost/assignments/1/edit]


Processing AssignmentsController#update (for 127.0.0.1 at 2010-03-02 22:56:44) [PUT]
  Parameters: {"commit"=>"Submit", "assignment"=>{"name"=>"Week 6 Quizes"}, "authenticity_token"=>"1j91rHBNjGWlUnSfNrugWzIJOF7fjRN7GsGrHLSct9s=", "id"=>"1"}
  [4;35;1mAssignment Load (0.2ms)[0m   [0mSELECT * FROM "assignments" WHERE ("assignments"."id" = 1) [0m
  [4;36;1mAssignment Update (0.3ms)[0m   [0;1mUPDATE "assignments" SET "updated_at" = '2010-03-03 03:56:44', "name" = 'Week 6 Quizes' WHERE "id" = 1[0m
Redirected to http://localhost:3000/assignments/1
Completed in 16ms (DB: 0) | 302 Found [http://localhost/assignments/1]


Processing AssignmentsController#show (for 127.0.0.1 at 2010-03-02 22:56:44) [GET]
  Parameters: {"id"=>"1"}
  [4;35;1mAssignment Load (0.2ms)[0m   [0mSELECT * FROM "assignments" WHERE ("assignments"."id" = 1) [0m
Rendering template within layouts/application
Rendering assignments/show
Completed in 12ms (View: 6, DB: 0) | 200 OK [http://localhost/assignments/1]


Processing AssignmentsController#index (for 127.0.0.1 at 2010-03-02 22:56:46) [GET]
  [4;36;1mAssignment Load (0.7ms)[0m   [0;1mSELECT * FROM "assignments" [0m
  [4;35;1mPerson Load (0.5ms)[0m   [0mSELECT * FROM "people" [0m
Rendering template within layouts/application
Rendering assignments/index
  [4;36;1mGrade Load (0.3ms)[0m   [0;1mSELECT * FROM "grades" WHERE ("grades"."person_id" = 1) AND ("grades".assignment_id = 1) LIMIT 1[0m
  [4;35;1mGrade Load (0.2ms)[0m   [0mSELECT * FROM "grades" WHERE ("grades"."person_id" = 1) AND ("grades".assignment_id = 2) LIMIT 1[0m
  [4;36;1mGrade Load (0.2ms)[0m   [0;1mSELECT * FROM "grades" WHERE ("grades"."person_id" = 1) AND ("grades".assignment_id = 3) LIMIT 1[0m
  [4;35;1mGrade Load (0.2ms)[0m   [0mSELECT * FROM "grades" WHERE ("grades"."person_id" = 2) AND ("grades".assignment_id = 1) LIMIT 1[0m
  [4;36;1mGrade Load (0.2ms)[0m   [0;1mSELECT * FROM "grades" WHERE ("grades"."person_id" = 2) AND ("grades".assignment_id = 2) LIMIT 1[0m
  [4;35;1mGrade Load (0.2ms)[0m   [0mSELECT * FROM "grades" WHERE ("grades"."person_id" = 2) AND ("grades".assignment_id = 3) LIMIT 1[0m
  [4;36;1mGrade Load (0.3ms)[0m   [0;1mSELECT * FROM "grades" WHERE ("grades"."person_id" = 3) AND ("grades".assignment_id = 1) LIMIT 1[0m
  [4;35;1mGrade Load (0.3ms)[0m   [0mSELECT * FROM "grades" WHERE ("grades"."person_id" = 3) AND ("grades".assignment_id = 2) LIMIT 1[0m
  [4;36;1mGrade Load (0.3ms)[0m   [0;1mSELECT * FROM "grades" WHERE ("grades"."person_id" = 3) AND ("grades".assignment_id = 3) LIMIT 1[0m
  [4;35;1mGrade Load (0.2ms)[0m   [0mSELECT * FROM "grades" WHERE ("grades"."person_id" = 4) AND ("grades".assignment_id = 1) LIMIT 1[0m
  [4;36;1mGrade Load (0.2ms)[0m   [0;1mSELECT * FROM "grades" WHERE ("grades"."person_id" = 4) AND ("grades".assignment_id = 2) LIMIT 1[0m
  [4;35;1mGrade Load (0.3ms)[0m   [0mSELECT * FROM "grades" WHERE ("grades"."person_id" = 4) AND ("grades".assignment_id = 3) LIMIT 1[0m
  [4;36;1mGrade Load (0.2ms)[0m   [0;1mSELECT * FROM "grades" WHERE ("grades"."person_id" = 5) AND ("grades".assignment_id = 1) LIMIT 1[0m
  [4;35;1mGrade Load (0.2ms)[0m   [0mSELECT * FROM "grades" WHERE ("grades"."person_id" = 5) AND ("grades".assignment_id = 2) LIMIT 1[0m
  [4;36;1mGrade Load (0.2ms)[0m   [0;1mSELECT * FROM "grades" WHERE ("grades"."person_id" = 5) AND ("grades".assignment_id = 3) LIMIT 1[0m
Completed in 41ms (View: 26, DB: 5) | 200 OK [http://localhost/assignments]
  [4;36;1mAssignment Create (20.9ms)[0m   [0;1mINSERT INTO "assignments" ("name", "created_at", "updated_at") VALUES('My Assignment', '2010-03-03 13:32:13', '2010-03-03 13:32:13')[0m
  [4;35;1mAssignment Update (1.2ms)[0m   [0mUPDATE "assignments" SET "updated_at" = '2010-03-03 13:33:36', "name" = 'My Ass' WHERE "id" = 4[0m
  [4;36;1mAssignment Update (0.8ms)[0m   [0;1mUPDATE "assignments" SET "updated_at" = '2010-03-03 13:34:12', "name" = 'My Assignment' WHERE "id" = 4[0m
  [4;35;1mAssignment Update (0.6ms)[0m   [0mUPDATE "assignments" SET "updated_at" = '2010-03-03 13:34:40', "name" = 'My Assignment That Has An Exceptionally Long Name That Goes On And On' WHERE "id" = 4[0m
  [4;36;1mAssignment Update (0.9ms)[0m   [0;1mUPDATE "assignments" SET "updated_at" = '2010-03-03 13:35:11', "name" = 'My Assignment That Has An Exceptionally Long Name That Goes On And On And On' WHERE "id" = 4[0m
  [4;35;1mAssignment Load (5.5ms)[0m   [0mSELECT * FROM "assignments" [0m


Processing AssignmentsController#index (for 127.0.0.1 at 2010-03-03 08:44:28) [GET]
  [4;35;1mAssignment Load (11.7ms)[0m   [0mSELECT * FROM "assignments" [0m
  [4;36;1mPerson Load (0.5ms)[0m   [0;1mSELECT * FROM "people" [0m
Rendering template within layouts/application
Rendering assignments/index

ActionView::TemplateError (undefined method `image' for #<Assignment:0x10336f7a0>) on line #9 of app/views/assignments/index.html.haml:
6:       Person
7:     - @assignments.each do |a|
8:       %th
9:         = image_tag(a.image) #= a.name
10:         
11: 
12:   - @people.each do |p|

    app/views/assignments/index.html.haml:9:in `_run_haml_app47views47assignments47index46html46haml'
    app/views/assignments/index.html.haml:7:in `each'
    app/views/assignments/index.html.haml:7:in `_run_haml_app47views47assignments47index46html46haml'
    haml (2.2.20) lib/haml/helpers/action_view_mods.rb:13:in `render'
    haml (2.2.20) lib/haml/helpers/action_view_mods.rb:13:in `render'
    haml (2.2.20) rails/./lib/sass/plugin/rails.rb:20:in `process'

Rendered rescues/_trace (49.6ms)
Rendered rescues/_request_and_response (1.1ms)
Rendering rescues/layout (internal_server_error)


Processing AssignmentsController#index (for 127.0.0.1 at 2010-03-03 08:45:01) [GET]
  [4;35;1mAssignment Load (0.6ms)[0m   [0mSELECT * FROM "assignments" [0m
  [4;36;1mPerson Load (0.3ms)[0m   [0;1mSELECT * FROM "people" [0m
Rendering template within layouts/application
Rendering assignments/index
  [4;35;1mGrade Load (1.1ms)[0m   [0mSELECT * FROM "grades" WHERE ("grades"."person_id" = 1) AND ("grades".assignment_id = 1) LIMIT 1[0m
  [4;36;1mGrade Load (0.2ms)[0m   [0;1mSELECT * FROM "grades" WHERE ("grades"."person_id" = 1) AND ("grades".assignment_id = 2) LIMIT 1[0m
  [4;35;1mGrade Load (0.2ms)[0m   [0mSELECT * FROM "grades" WHERE ("grades"."person_id" = 1) AND ("grades".assignment_id = 3) LIMIT 1[0m
  [4;36;1mGrade Load (0.2ms)[0m   [0;1mSELECT * FROM "grades" WHERE ("grades"."person_id" = 1) AND ("grades".assignment_id = 4) LIMIT 1[0m
  [4;35;1mGrade Load (0.2ms)[0m   [0mSELECT * FROM "grades" WHERE ("grades"."person_id" = 2) AND ("grades".assignment_id = 1) LIMIT 1[0m
  [4;36;1mGrade Load (0.2ms)[0m   [0;1mSELECT * FROM "grades" WHERE ("grades"."person_id" = 2) AND ("grades".assignment_id = 2) LIMIT 1[0m
  [4;35;1mGrade Load (0.3ms)[0m   [0mSELECT * FROM "grades" WHERE ("grades"."person_id" = 2) AND ("grades".assignment_id = 3) LIMIT 1[0m
  [4;36;1mGrade Load (0.1ms)[0m   [0;1mSELECT * FROM "grades" WHERE ("grades"."person_id" = 2) AND ("grades".assignment_id = 4) LIMIT 1[0m
  [4;35;1mGrade Load (0.2ms)[0m   [0mSELECT * FROM "grades" WHERE ("grades"."person_id" = 3) AND ("grades".assignment_id = 1) LIMIT 1[0m
  [4;36;1mGrade Load (0.2ms)[0m   [0;1mSELECT * FROM "grades" WHERE ("grades"."person_id" = 3) AND ("grades".assignment_id = 2) LIMIT 1[0m
  [4;35;1mGrade Load (0.2ms)[0m   [0mSELECT * FROM "grades" WHERE ("grades"."person_id" = 3) AND ("grades".assignment_id = 3) LIMIT 1[0m
  [4;36;1mGrade Load (0.3ms)[0m   [0;1mSELECT * FROM "grades" WHERE ("grades"."person_id" = 3) AND ("grades".assignment_id = 4) LIMIT 1[0m
  [4;35;1mGrade Load (0.2ms)[0m   [0mSELECT * FROM "grades" WHERE ("grades"."person_id" = 4) AND ("grades".assignment_id = 1) LIMIT 1[0m
  [4;36;1mGrade Load (0.6ms)[0m   [0;1mSELECT * FROM "grades" WHERE ("grades"."person_id" = 4) AND ("grades".assignment_id = 2) LIMIT 1[0m
  [4;35;1mGrade Load (0.2ms)[0m   [0mSELECT * FROM "grades" WHERE ("grades"."person_id" = 4) AND ("grades".assignment_id = 3) LIMIT 1[0m
  [4;36;1mGrade Load (0.1ms)[0m   [0;1mSELECT * FROM "grades" WHERE ("grades"."person_id" = 4) AND ("grades".assignment_id = 4) LIMIT 1[0m
  [4;35;1mGrade Load (0.3ms)[0m   [0mSELECT * FROM "grades" WHERE ("grades"."person_id" = 5) AND ("grades".assignment_id = 1) LIMIT 1[0m
  [4;36;1mGrade Load (0.2ms)[0m   [0;1mSELECT * FROM "grades" WHERE ("grades"."person_id" = 5) AND ("grades".assignment_id = 2) LIMIT 1[0m
  [4;35;1mGrade Load (0.2ms)[0m   [0mSELECT * FROM "grades" WHERE ("grades"."person_id" = 5) AND ("grades".assignment_id = 3) LIMIT 1[0m
  [4;36;1mGrade Load (0.1ms)[0m   [0;1mSELECT * FROM "grades" WHERE ("grades"."person_id" = 5) AND ("grades".assignment_id = 4) LIMIT 1[0m
Completed in 167ms (View: 154, DB: 6) | 200 OK [http://localhost/assignments]


Processing AssignmentsController#edit (for 127.0.0.1 at 2010-03-03 08:45:08) [GET]
  Parameters: {"id"=>"4"}
  [4;35;1mAssignment Load (0.2ms)[0m   [0mSELECT * FROM "assignments" WHERE ("assignments"."id" = 4) [0m
Rendering template within layouts/application
Rendering assignments/edit
Rendered assignments/_form (22.7ms)
Completed in 104ms (View: 98, DB: 0) | 200 OK [http://localhost/assignments/4/edit]


Processing AssignmentsController#update (for 127.0.0.1 at 2010-03-03 08:45:13) [PUT]
  Parameters: {"commit"=>"Submit", "assignment"=>{"name"=>"My Assignment"}, "authenticity_token"=>"1j91rHBNjGWlUnSfNrugWzIJOF7fjRN7GsGrHLSct9s=", "id"=>"4"}
  [4;36;1mAssignment Load (0.2ms)[0m   [0;1mSELECT * FROM "assignments" WHERE ("assignments"."id" = 4) [0m
  [4;35;1mAssignment Update (0.3ms)[0m   [0mUPDATE "assignments" SET "updated_at" = '2010-03-03 13:45:13', "name" = 'My Assignment' WHERE "id" = 4[0m
Redirected to http://localhost:3000/assignments/4
Completed in 57ms (DB: 0) | 302 Found [http://localhost/assignments/4]


Processing AssignmentsController#show (for 127.0.0.1 at 2010-03-03 08:45:13) [GET]
  Parameters: {"id"=>"4"}
  [4;36;1mAssignment Load (0.2ms)[0m   [0;1mSELECT * FROM "assignments" WHERE ("assignments"."id" = 4) [0m
Rendering template within layouts/application
Rendering assignments/show
Completed in 27ms (View: 8, DB: 0) | 200 OK [http://localhost/assignments/4]


Processing AssignmentsController#index (for 127.0.0.1 at 2010-03-03 08:45:15) [GET]
  [4;35;1mAssignment Load (0.6ms)[0m   [0mSELECT * FROM "assignments" [0m
  [4;36;1mPerson Load (0.4ms)[0m   [0;1mSELECT * FROM "people" [0m
Rendering template within layouts/application
Rendering assignments/index
  [4;35;1mGrade Load (0.3ms)[0m   [0mSELECT * FROM "grades" WHERE ("grades"."person_id" = 1) AND ("grades".assignment_id = 1) LIMIT 1[0m
  [4;36;1mGrade Load (0.2ms)[0m   [0;1mSELECT * FROM "grades" WHERE ("grades"."person_id" = 1) AND ("grades".assignment_id = 2) LIMIT 1[0m
  [4;35;1mGrade Load (0.2ms)[0m   [0mSELECT * FROM "grades" WHERE ("grades"."person_id" = 1) AND ("grades".assignment_id = 3) LIMIT 1[0m
  [4;36;1mGrade Load (0.1ms)[0m   [0;1mSELECT * FROM "grades" WHERE ("grades"."person_id" = 1) AND ("grades".assignment_id = 4) LIMIT 1[0m
  [4;35;1mGrade Load (0.2ms)[0m   [0mSELECT * FROM "grades" WHERE ("grades"."person_id" = 2) AND ("grades".assignment_id = 1) LIMIT 1[0m
  [4;36;1mGrade Load (0.2ms)[0m   [0;1mSELECT * FROM "grades" WHERE ("grades"."person_id" = 2) AND ("grades".assignment_id = 2) LIMIT 1[0m
  [4;35;1mGrade Load (0.2ms)[0m   [0mSELECT * FROM "grades" WHERE ("grades"."person_id" = 2) AND ("grades".assignment_id = 3) LIMIT 1[0m
  [4;36;1mGrade Load (0.1ms)[0m   [0;1mSELECT * FROM "grades" WHERE ("grades"."person_id" = 2) AND ("grades".assignment_id = 4) LIMIT 1[0m
  [4;35;1mGrade Load (0.2ms)[0m   [0mSELECT * FROM "grades" WHERE ("grades"."person_id" = 3) AND ("grades".assignment_id = 1) LIMIT 1[0m
  [4;36;1mGrade Load (0.2ms)[0m   [0;1mSELECT * FROM "grades" WHERE ("grades"."person_id" = 3) AND ("grades".assignment_id = 2) LIMIT 1[0m
  [4;35;1mGrade Load (0.2ms)[0m   [0mSELECT * FROM "grades" WHERE ("grades"."person_id" = 3) AND ("grades".assignment_id = 3) LIMIT 1[0m
  [4;36;1mGrade Load (0.1ms)[0m   [0;1mSELECT * FROM "grades" WHERE ("grades"."person_id" = 3) AND ("grades".assignment_id = 4) LIMIT 1[0m
  [4;35;1mGrade Load (0.2ms)[0m   [0mSELECT * FROM "grades" WHERE ("grades"."person_id" = 4) AND ("grades".assignment_id = 1) LIMIT 1[0m
  [4;36;1mGrade Load (0.2ms)[0m   [0;1mSELECT * FROM "grades" WHERE ("grades"."person_id" = 4) AND ("grades".assignment_id = 2) LIMIT 1[0m
  [4;35;1mGrade Load (0.2ms)[0m   [0mSELECT * FROM "grades" WHERE ("grades"."person_id" = 4) AND ("grades".assignment_id = 3) LIMIT 1[0m
  [4;36;1mGrade Load (0.1ms)[0m   [0;1mSELECT * FROM "grades" WHERE ("grades"."person_id" = 4) AND ("grades".assignment_id = 4) LIMIT 1[0m
  [4;35;1mGrade Load (0.2ms)[0m   [0mSELECT * FROM "grades" WHERE ("grades"."person_id" = 5) AND ("grades".assignment_id = 1) LIMIT 1[0m
  [4;36;1mGrade Load (0.2ms)[0m   [0;1mSELECT * FROM "grades" WHERE ("grades"."person_id" = 5) AND ("grades".assignment_id = 2) LIMIT 1[0m
  [4;35;1mGrade Load (0.2ms)[0m   [0mSELECT * FROM "grades" WHERE ("grades"."person_id" = 5) AND ("grades".assignment_id = 3) LIMIT 1[0m
  [4;36;1mGrade Load (0.1ms)[0m   [0;1mSELECT * FROM "grades" WHERE ("grades"."person_id" = 5) AND ("grades".assignment_id = 4) LIMIT 1[0m
Completed in 38ms (View: 26, DB: 5) | 200 OK [http://localhost/assignments]


Processing AssignmentsController#index (for 127.0.0.1 at 2010-03-03 08:47:23) [GET]
  [4;35;1mAssignment Load (0.6ms)[0m   [0mSELECT * FROM "assignments" [0m
  [4;36;1mPerson Load (0.3ms)[0m   [0;1mSELECT * FROM "people" [0m
Rendering template within layouts/application
Rendering assignments/index
  [4;35;1mGrade Load (0.3ms)[0m   [0mSELECT * FROM "grades" WHERE ("grades"."person_id" = 1) AND ("grades".assignment_id = 1) LIMIT 1[0m
  [4;36;1mGrade Load (0.2ms)[0m   [0;1mSELECT * FROM "grades" WHERE ("grades"."person_id" = 1) AND ("grades".assignment_id = 2) LIMIT 1[0m
  [4;35;1mGrade Load (0.2ms)[0m   [0mSELECT * FROM "grades" WHERE ("grades"."person_id" = 1) AND ("grades".assignment_id = 3) LIMIT 1[0m
  [4;36;1mGrade Load (0.1ms)[0m   [0;1mSELECT * FROM "grades" WHERE ("grades"."person_id" = 1) AND ("grades".assignment_id = 4) LIMIT 1[0m
  [4;35;1mGrade Load (0.2ms)[0m   [0mSELECT * FROM "grades" WHERE ("grades"."person_id" = 2) AND ("grades".assignment_id = 1) LIMIT 1[0m
  [4;36;1mGrade Load (0.2ms)[0m   [0;1mSELECT * FROM "grades" WHERE ("grades"."person_id" = 2) AND ("grades".assignment_id = 2) LIMIT 1[0m
  [4;35;1mGrade Load (0.2ms)[0m   [0mSELECT * FROM "grades" WHERE ("grades"."person_id" = 2) AND ("grades".assignment_id = 3) LIMIT 1[0m
  [4;36;1mGrade Load (0.1ms)[0m   [0;1mSELECT * FROM "grades" WHERE ("grades"."person_id" = 2) AND ("grades".assignment_id = 4) LIMIT 1[0m
  [4;35;1mGrade Load (0.2ms)[0m   [0mSELECT * FROM "grades" WHERE ("grades"."person_id" = 3) AND ("grades".assignment_id = 1) LIMIT 1[0m
  [4;36;1mGrade Load (0.2ms)[0m   [0;1mSELECT * FROM "grades" WHERE ("grades"."person_id" = 3) AND ("grades".assignment_id = 2) LIMIT 1[0m
  [4;35;1mGrade Load (0.2ms)[0m   [0mSELECT * FROM "grades" WHERE ("grades"."person_id" = 3) AND ("grades".assignment_id = 3) LIMIT 1[0m
  [4;36;1mGrade Load (0.6ms)[0m   [0;1mSELECT * FROM "grades" WHERE ("grades"."person_id" = 3) AND ("grades".assignment_id = 4) LIMIT 1[0m
  [4;35;1mGrade Load (0.2ms)[0m   [0mSELECT * FROM "grades" WHERE ("grades"."person_id" = 4) AND ("grades".assignment_id = 1) LIMIT 1[0m
  [4;36;1mGrade Load (0.3ms)[0m   [0;1mSELECT * FROM "grades" WHERE ("grades"."person_id" = 4) AND ("grades".assignment_id = 2) LIMIT 1[0m
  [4;35;1mGrade Load (0.2ms)[0m   [0mSELECT * FROM "grades" WHERE ("grades"."person_id" = 4) AND ("grades".assignment_id = 3) LIMIT 1[0m
  [4;36;1mGrade Load (0.1ms)[0m   [0;1mSELECT * FROM "grades" WHERE ("grades"."person_id" = 4) AND ("grades".assignment_id = 4) LIMIT 1[0m
  [4;35;1mGrade Load (0.2ms)[0m   [0mSELECT * FROM "grades" WHERE ("grades"."person_id" = 5) AND ("grades".assignment_id = 1) LIMIT 1[0m
  [4;36;1mGrade Load (0.2ms)[0m   [0;1mSELECT * FROM "grades" WHERE ("grades"."person_id" = 5) AND ("grades".assignment_id = 2) LIMIT 1[0m
  [4;35;1mGrade Load (0.2ms)[0m   [0mSELECT * FROM "grades" WHERE ("grades"."person_id" = 5) AND ("grades".assignment_id = 3) LIMIT 1[0m
  [4;36;1mGrade Load (0.1ms)[0m   [0;1mSELECT * FROM "grades" WHERE ("grades"."person_id" = 5) AND ("grades".assignment_id = 4) LIMIT 1[0m
Completed in 113ms (View: 101, DB: 5) | 200 OK [http://localhost/assignments]


Processing AssignmentsController#edit (for 127.0.0.1 at 2010-03-03 11:32:24) [GET]
  Parameters: {"id"=>"1"}
  [4;35;1mAssignment Load (0.2ms)[0m   [0mSELECT * FROM "assignments" WHERE ("assignments"."id" = 1) [0m
Rendering template within layouts/application
Rendering assignments/edit
Rendered assignments/_form (3.1ms)
Completed in 66ms (View: 6, DB: 0) | 200 OK [http://localhost/assignments/1/edit]


Processing AssignmentsController#update (for 127.0.0.1 at 2010-03-03 11:32:32) [PUT]
  Parameters: {"commit"=>"Submit", "assignment"=>{"name"=>"Week 6 Quizes By Megan"}, "authenticity_token"=>"1j91rHBNjGWlUnSfNrugWzIJOF7fjRN7GsGrHLSct9s=", "id"=>"1"}
  [4;36;1mAssignment Load (0.2ms)[0m   [0;1mSELECT * FROM "assignments" WHERE ("assignments"."id" = 1) [0m
  [4;35;1mAssignment Update (0.3ms)[0m   [0mUPDATE "assignments" SET "updated_at" = '2010-03-03 16:32:32', "name" = 'Week 6 Quizes By Megan' WHERE "id" = 1[0m
Redirected to http://localhost:3000/assignments/1
Completed in 55ms (DB: 1) | 302 Found [http://localhost/assignments/1]


Processing AssignmentsController#show (for 127.0.0.1 at 2010-03-03 11:32:32) [GET]
  Parameters: {"id"=>"1"}
  [4;36;1mAssignment Load (0.3ms)[0m   [0;1mSELECT * FROM "assignments" WHERE ("assignments"."id" = 1) [0m
Rendering template within layouts/application
Rendering assignments/show
Completed in 76ms (View: 12, DB: 0) | 200 OK [http://localhost/assignments/1]


Processing AssignmentsController#index (for 127.0.0.1 at 2010-03-03 11:32:34) [GET]
  [4;35;1mAssignment Load (0.6ms)[0m   [0mSELECT * FROM "assignments" [0m
  [4;36;1mPerson Load (0.5ms)[0m   [0;1mSELECT * FROM "people" [0m
Rendering template within layouts/application
Rendering assignments/index
  [4;35;1mGrade Load (0.2ms)[0m   [0mSELECT * FROM "grades" WHERE ("grades"."person_id" = 1) AND ("grades".assignment_id = 1) LIMIT 1[0m
  [4;36;1mGrade Load (0.2ms)[0m   [0;1mSELECT * FROM "grades" WHERE ("grades"."person_id" = 1) AND ("grades".assignment_id = 2) LIMIT 1[0m
  [4;35;1mGrade Load (0.2ms)[0m   [0mSELECT * FROM "grades" WHERE ("grades"."person_id" = 1) AND ("grades".assignment_id = 3) LIMIT 1[0m
  [4;36;1mGrade Load (0.1ms)[0m   [0;1mSELECT * FROM "grades" WHERE ("grades"."person_id" = 1) AND ("grades".assignment_id = 4) LIMIT 1[0m
  [4;35;1mGrade Load (0.7ms)[0m   [0mSELECT * FROM "grades" WHERE ("grades"."person_id" = 2) AND ("grades".assignment_id = 1) LIMIT 1[0m
  [4;36;1mGrade Load (0.4ms)[0m   [0;1mSELECT * FROM "grades" WHERE ("grades"."person_id" = 2) AND ("grades".assignment_id = 2) LIMIT 1[0m
  [4;35;1mGrade Load (0.2ms)[0m   [0mSELECT * FROM "grades" WHERE ("grades"."person_id" = 2) AND ("grades".assignment_id = 3) LIMIT 1[0m
  [4;36;1mGrade Load (0.1ms)[0m   [0;1mSELECT * FROM "grades" WHERE ("grades"."person_id" = 2) AND ("grades".assignment_id = 4) LIMIT 1[0m
  [4;35;1mGrade Load (0.2ms)[0m   [0mSELECT * FROM "grades" WHERE ("grades"."person_id" = 3) AND ("grades".assignment_id = 1) LIMIT 1[0m
  [4;36;1mGrade Load (0.2ms)[0m   [0;1mSELECT * FROM "grades" WHERE ("grades"."person_id" = 3) AND ("grades".assignment_id = 2) LIMIT 1[0m
  [4;35;1mGrade Load (0.2ms)[0m   [0mSELECT * FROM "grades" WHERE ("grades"."person_id" = 3) AND ("grades".assignment_id = 3) LIMIT 1[0m
  [4;36;1mGrade Load (0.1ms)[0m   [0;1mSELECT * FROM "grades" WHERE ("grades"."person_id" = 3) AND ("grades".assignment_id = 4) LIMIT 1[0m
  [4;35;1mGrade Load (0.2ms)[0m   [0mSELECT * FROM "grades" WHERE ("grades"."person_id" = 4) AND ("grades".assignment_id = 1) LIMIT 1[0m
  [4;36;1mGrade Load (0.2ms)[0m   [0;1mSELECT * FROM "grades" WHERE ("grades"."person_id" = 4) AND ("grades".assignment_id = 2) LIMIT 1[0m
  [4;35;1mGrade Load (0.3ms)[0m   [0mSELECT * FROM "grades" WHERE ("grades"."person_id" = 4) AND ("grades".assignment_id = 3) LIMIT 1[0m
  [4;36;1mGrade Load (0.1ms)[0m   [0;1mSELECT * FROM "grades" WHERE ("grades"."person_id" = 4) AND ("grades".assignment_id = 4) LIMIT 1[0m
  [4;35;1mGrade Load (0.2ms)[0m   [0mSELECT * FROM "grades" WHERE ("grades"."person_id" = 5) AND ("grades".assignment_id = 1) LIMIT 1[0m
  [4;36;1mGrade Load (0.3ms)[0m   [0;1mSELECT * FROM "grades" WHERE ("grades"."person_id" = 5) AND ("grades".assignment_id = 2) LIMIT 1[0m
  [4;35;1mGrade Load (0.2ms)[0m   [0mSELECT * FROM "grades" WHERE ("grades"."person_id" = 5) AND ("grades".assignment_id = 3) LIMIT 1[0m
  [4;36;1mGrade Load (0.1ms)[0m   [0;1mSELECT * FROM "grades" WHERE ("grades"."person_id" = 5) AND ("grades".assignment_id = 4) LIMIT 1[0m
Completed in 131ms (View: 105, DB: 6) | 200 OK [http://localhost/assignments]


Processing AssignmentsController#new (for 127.0.0.1 at 2010-03-03 11:32:37) [GET]
Rendering template within layouts/application
Rendering assignments/new
Rendered assignments/_form (2.5ms)
Completed in 43ms (View: 38, DB: 0) | 200 OK [http://localhost/assignments/new]


Processing AssignmentsController#create (for 127.0.0.1 at 2010-03-03 11:32:44) [POST]
  Parameters: {"commit"=>"Submit", "assignment"=>{"name"=>"My Other Assignment"}, "authenticity_token"=>"1j91rHBNjGWlUnSfNrugWzIJOF7fjRN7GsGrHLSct9s="}
  [4;35;1mAssignment Create (0.3ms)[0m   [0mINSERT INTO "assignments" ("name", "created_at", "updated_at") VALUES('My Other Assignment', '2010-03-03 16:32:44', '2010-03-03 16:32:44')[0m
Redirected to http://localhost:3000/assignments/5
Completed in 101ms (DB: 0) | 302 Found [http://localhost/assignments]


Processing AssignmentsController#show (for 127.0.0.1 at 2010-03-03 11:32:44) [GET]
  Parameters: {"id"=>"5"}
  [4;36;1mAssignment Load (0.3ms)[0m   [0;1mSELECT * FROM "assignments" WHERE ("assignments"."id" = 5) [0m
Rendering template within layouts/application
Rendering assignments/show
Completed in 62ms (View: 4, DB: 0) | 200 OK [http://localhost/assignments/5]


Processing AssignmentsController#index (for 127.0.0.1 at 2010-03-03 11:32:45) [GET]
  [4;35;1mAssignment Load (0.7ms)[0m   [0mSELECT * FROM "assignments" [0m
  [4;36;1mPerson Load (0.5ms)[0m   [0;1mSELECT * FROM "people" [0m
Rendering template within layouts/application
Rendering assignments/index
  [4;35;1mGrade Load (0.3ms)[0m   [0mSELECT * FROM "grades" WHERE ("grades"."person_id" = 1) AND ("grades".assignment_id = 1) LIMIT 1[0m
  [4;36;1mGrade Load (0.2ms)[0m   [0;1mSELECT * FROM "grades" WHERE ("grades"."person_id" = 1) AND ("grades".assignment_id = 2) LIMIT 1[0m
  [4;35;1mGrade Load (0.2ms)[0m   [0mSELECT * FROM "grades" WHERE ("grades"."person_id" = 1) AND ("grades".assignment_id = 3) LIMIT 1[0m
  [4;36;1mGrade Load (0.1ms)[0m   [0;1mSELECT * FROM "grades" WHERE ("grades"."person_id" = 1) AND ("grades".assignment_id = 4) LIMIT 1[0m
  [4;35;1mGrade Load (0.1ms)[0m   [0mSELECT * FROM "grades" WHERE ("grades"."person_id" = 1) AND ("grades".assignment_id = 5) LIMIT 1[0m
  [4;36;1mGrade Load (0.2ms)[0m   [0;1mSELECT * FROM "grades" WHERE ("grades"."person_id" = 2) AND ("grades".assignment_id = 1) LIMIT 1[0m
  [4;35;1mGrade Load (0.2ms)[0m   [0mSELECT * FROM "grades" WHERE ("grades"."person_id" = 2) AND ("grades".assignment_id = 2) LIMIT 1[0m
  [4;36;1mGrade Load (0.3ms)[0m   [0;1mSELECT * FROM "grades" WHERE ("grades"."person_id" = 2) AND ("grades".assignment_id = 3) LIMIT 1[0m
  [4;35;1mGrade Load (0.1ms)[0m   [0mSELECT * FROM "grades" WHERE ("grades"."person_id" = 2) AND ("grades".assignment_id = 4) LIMIT 1[0m
  [4;36;1mGrade Load (0.1ms)[0m   [0;1mSELECT * FROM "grades" WHERE ("grades"."person_id" = 2) AND ("grades".assignment_id = 5) LIMIT 1[0m
  [4;35;1mGrade Load (0.5ms)[0m   [0mSELECT * FROM "grades" WHERE ("grades"."person_id" = 3) AND ("grades".assignment_id = 1) LIMIT 1[0m
  [4;36;1mGrade Load (0.3ms)[0m   [0;1mSELECT * FROM "grades" WHERE ("grades"."person_id" = 3) AND ("grades".assignment_id = 2) LIMIT 1[0m
  [4;35;1mGrade Load (0.2ms)[0m   [0mSELECT * FROM "grades" WHERE ("grades"."person_id" = 3) AND ("grades".assignment_id = 3) LIMIT 1[0m
  [4;36;1mGrade Load (0.1ms)[0m   [0;1mSELECT * FROM "grades" WHERE ("grades"."person_id" = 3) AND ("grades".assignment_id = 4) LIMIT 1[0m
  [4;35;1mGrade Load (0.1ms)[0m   [0mSELECT * FROM "grades" WHERE ("grades"."person_id" = 3) AND ("grades".assignment_id = 5) LIMIT 1[0m
  [4;36;1mGrade Load (0.3ms)[0m   [0;1mSELECT * FROM "grades" WHERE ("grades"."person_id" = 4) AND ("grades".assignment_id = 1) LIMIT 1[0m
  [4;35;1mGrade Load (0.3ms)[0m   [0mSELECT * FROM "grades" WHERE ("grades"."person_id" = 4) AND ("grades".assignment_id = 2) LIMIT 1[0m
  [4;36;1mGrade Load (3.3ms)[0m   [0;1mSELECT * FROM "grades" WHERE ("grades"."person_id" = 4) AND ("grades".assignment_id = 3) LIMIT 1[0m
  [4;35;1mGrade Load (0.2ms)[0m   [0mSELECT * FROM "grades" WHERE ("grades"."person_id" = 4) AND ("grades".assignment_id = 4) LIMIT 1[0m
  [4;36;1mGrade Load (0.1ms)[0m   [0;1mSELECT * FROM "grades" WHERE ("grades"."person_id" = 4) AND ("grades".assignment_id = 5) LIMIT 1[0m
  [4;35;1mGrade Load (0.2ms)[0m   [0mSELECT * FROM "grades" WHERE ("grades"."person_id" = 5) AND ("grades".assignment_id = 1) LIMIT 1[0m
  [4;36;1mGrade Load (0.2ms)[0m   [0;1mSELECT * FROM "grades" WHERE ("grades"."person_id" = 5) AND ("grades".assignment_id = 2) LIMIT 1[0m
  [4;35;1mGrade Load (0.2ms)[0m   [0mSELECT * FROM "grades" WHERE ("grades"."person_id" = 5) AND ("grades".assignment_id = 3) LIMIT 1[0m
  [4;36;1mGrade Load (0.1ms)[0m   [0;1mSELECT * FROM "grades" WHERE ("grades"."person_id" = 5) AND ("grades".assignment_id = 4) LIMIT 1[0m
  [4;35;1mGrade Load (0.1ms)[0m   [0mSELECT * FROM "grades" WHERE ("grades"."person_id" = 5) AND ("grades".assignment_id = 5) LIMIT 1[0m
Completed in 196ms (View: 128, DB: 9) | 200 OK [http://localhost/assignments]


Processing AssignmentsController#edit (for 127.0.0.1 at 2010-03-03 11:32:51) [GET]
  Parameters: {"id"=>"5"}
  [4;36;1mAssignment Load (0.2ms)[0m   [0;1mSELECT * FROM "assignments" WHERE ("assignments"."id" = 5) [0m
Rendering template within layouts/application
Rendering assignments/edit
Rendered assignments/_form (3.0ms)
Completed in 12ms (View: 5, DB: 0) | 200 OK [http://localhost/assignments/5/edit]


Processing AssignmentsController#update (for 127.0.0.1 at 2010-03-03 11:32:53) [PUT]
  Parameters: {"commit"=>"Submit", "assignment"=>{"name"=>"My Other Assignment"}, "authenticity_token"=>"1j91rHBNjGWlUnSfNrugWzIJOF7fjRN7GsGrHLSct9s=", "id"=>"5"}
  [4;35;1mAssignment Load (0.2ms)[0m   [0mSELECT * FROM "assignments" WHERE ("assignments"."id" = 5) [0m
Redirected to http://localhost:3000/assignments/5
Completed in 9ms (DB: 0) | 302 Found [http://localhost/assignments/5]


Processing AssignmentsController#show (for 127.0.0.1 at 2010-03-03 11:32:53) [GET]
  Parameters: {"id"=>"5"}
  [4;36;1mAssignment Load (0.3ms)[0m   [0;1mSELECT * FROM "assignments" WHERE ("assignments"."id" = 5) [0m
Rendering template within layouts/application
Rendering assignments/show
Completed in 28ms (View: 16, DB: 0) | 200 OK [http://localhost/assignments/5]


Processing AssignmentsController#index (for 127.0.0.1 at 2010-03-03 11:32:54) [GET]
  [4;35;1mAssignment Load (0.6ms)[0m   [0mSELECT * FROM "assignments" [0m
  [4;36;1mPerson Load (0.4ms)[0m   [0;1mSELECT * FROM "people" [0m
Rendering template within layouts/application
Rendering assignments/index
  [4;35;1mGrade Load (0.3ms)[0m   [0mSELECT * FROM "grades" WHERE ("grades"."person_id" = 1) AND ("grades".assignment_id = 1) LIMIT 1[0m
  [4;36;1mGrade Load (0.2ms)[0m   [0;1mSELECT * FROM "grades" WHERE ("grades"."person_id" = 1) AND ("grades".assignment_id = 2) LIMIT 1[0m
  [4;35;1mGrade Load (0.2ms)[0m   [0mSELECT * FROM "grades" WHERE ("grades"."person_id" = 1) AND ("grades".assignment_id = 3) LIMIT 1[0m
  [4;36;1mGrade Load (0.1ms)[0m   [0;1mSELECT * FROM "grades" WHERE ("grades"."person_id" = 1) AND ("grades".assignment_id = 4) LIMIT 1[0m
  [4;35;1mGrade Load (0.1ms)[0m   [0mSELECT * FROM "grades" WHERE ("grades"."person_id" = 1) AND ("grades".assignment_id = 5) LIMIT 1[0m
  [4;36;1mGrade Load (0.2ms)[0m   [0;1mSELECT * FROM "grades" WHERE ("grades"."person_id" = 2) AND ("grades".assignment_id = 1) LIMIT 1[0m
  [4;35;1mGrade Load (0.2ms)[0m   [0mSELECT * FROM "grades" WHERE ("grades"."person_id" = 2) AND ("grades".assignment_id = 2) LIMIT 1[0m
  [4;36;1mGrade Load (0.2ms)[0m   [0;1mSELECT * FROM "grades" WHERE ("grades"."person_id" = 2) AND ("grades".assignment_id = 3) LIMIT 1[0m
  [4;35;1mGrade Load (0.1ms)[0m   [0mSELECT * FROM "grades" WHERE ("grades"."person_id" = 2) AND ("grades".assignment_id = 4) LIMIT 1[0m
  [4;36;1mGrade Load (0.2ms)[0m   [0;1mSELECT * FROM "grades" WHERE ("grades"."person_id" = 2) AND ("grades".assignment_id = 5) LIMIT 1[0m
  [4;35;1mGrade Load (0.2ms)[0m   [0mSELECT * FROM "grades" WHERE ("grades"."person_id" = 3) AND ("grades".assignment_id = 1) LIMIT 1[0m
  [4;36;1mGrade Load (0.2ms)[0m   [0;1mSELECT * FROM "grades" WHERE ("grades"."person_id" = 3) AND ("grades".assignment_id = 2) LIMIT 1[0m
  [4;35;1mGrade Load (0.2ms)[0m   [0mSELECT * FROM "grades" WHERE ("grades"."person_id" = 3) AND ("grades".assignment_id = 3) LIMIT 1[0m
  [4;36;1mGrade Load (0.1ms)[0m   [0;1mSELECT * FROM "grades" WHERE ("grades"."person_id" = 3) AND ("grades".assignment_id = 4) LIMIT 1[0m
  [4;35;1mGrade Load (0.1ms)[0m   [0mSELECT * FROM "grades" WHERE ("grades"."person_id" = 3) AND ("grades".assignment_id = 5) LIMIT 1[0m
  [4;36;1mGrade Load (0.2ms)[0m   [0;1mSELECT * FROM "grades" WHERE ("grades"."person_id" = 4) AND ("grades".assignment_id = 1) LIMIT 1[0m
  [4;35;1mGrade Load (0.2ms)[0m   [0mSELECT * FROM "grades" WHERE ("grades"."person_id" = 4) AND ("grades".assignment_id = 2) LIMIT 1[0m
  [4;36;1mGrade Load (0.4ms)[0m   [0;1mSELECT * FROM "grades" WHERE ("grades"."person_id" = 4) AND ("grades".assignment_id = 3) LIMIT 1[0m
  [4;35;1mGrade Load (0.1ms)[0m   [0mSELECT * FROM "grades" WHERE ("grades"."person_id" = 4) AND ("grades".assignment_id = 4) LIMIT 1[0m
  [4;36;1mGrade Load (0.1ms)[0m   [0;1mSELECT * FROM "grades" WHERE ("grades"."person_id" = 4) AND ("grades".assignment_id = 5) LIMIT 1[0m
  [4;35;1mGrade Load (0.7ms)[0m   [0mSELECT * FROM "grades" WHERE ("grades"."person_id" = 5) AND ("grades".assignment_id = 1) LIMIT 1[0m
  [4;36;1mGrade Load (0.3ms)[0m   [0;1mSELECT * FROM "grades" WHERE ("grades"."person_id" = 5) AND ("grades".assignment_id = 2) LIMIT 1[0m
  [4;35;1mGrade Load (0.2ms)[0m   [0mSELECT * FROM "grades" WHERE ("grades"."person_id" = 5) AND ("grades".assignment_id = 3) LIMIT 1[0m
  [4;36;1mGrade Load (0.1ms)[0m   [0;1mSELECT * FROM "grades" WHERE ("grades"."person_id" = 5) AND ("grades".assignment_id = 4) LIMIT 1[0m
  [4;35;1mGrade Load (0.1ms)[0m   [0mSELECT * FROM "grades" WHERE ("grades"."person_id" = 5) AND ("grades".assignment_id = 5) LIMIT 1[0m
Completed in 116ms (View: 104, DB: 6) | 200 OK [http://localhost/assignments]


Processing AssignmentsController#edit (for 127.0.0.1 at 2010-03-03 11:34:09) [GET]
  Parameters: {"id"=>"5"}
  [4;36;1mAssignment Load (0.2ms)[0m   [0;1mSELECT * FROM "assignments" WHERE ("assignments"."id" = 5) [0m
Rendering template within layouts/application
Rendering assignments/edit
Rendered assignments/_form (3.3ms)
Completed in 11ms (View: 6, DB: 0) | 200 OK [http://localhost/assignments/5/edit]


Processing AssignmentsController#update (for 127.0.0.1 at 2010-03-03 11:34:12) [PUT]
  Parameters: {"commit"=>"Submit", "assignment"=>{"name"=>"My Other Assignments"}, "authenticity_token"=>"1j91rHBNjGWlUnSfNrugWzIJOF7fjRN7GsGrHLSct9s=", "id"=>"5"}
  [4;35;1mAssignment Load (0.2ms)[0m   [0mSELECT * FROM "assignments" WHERE ("assignments"."id" = 5) [0m
  [4;36;1mAssignment Update (0.3ms)[0m   [0;1mUPDATE "assignments" SET "updated_at" = '2010-03-03 16:34:12', "name" = 'My Other Assignments' WHERE "id" = 5[0m
Redirected to http://localhost:3000/assignments/5
Completed in 12ms (DB: 0) | 302 Found [http://localhost/assignments/5]


Processing AssignmentsController#show (for 127.0.0.1 at 2010-03-03 11:34:12) [GET]
  Parameters: {"id"=>"5"}
  [4;35;1mAssignment Load (0.2ms)[0m   [0mSELECT * FROM "assignments" WHERE ("assignments"."id" = 5) [0m
Rendering template within layouts/application
Rendering assignments/show
Completed in 38ms (View: 5, DB: 0) | 200 OK [http://localhost/assignments/5]


Processing AssignmentsController#index (for 127.0.0.1 at 2010-03-03 11:34:14) [GET]
  [4;36;1mAssignment Load (0.7ms)[0m   [0;1mSELECT * FROM "assignments" [0m
  [4;35;1mPerson Load (0.4ms)[0m   [0mSELECT * FROM "people" [0m
Rendering template within layouts/application
Rendering assignments/index
  [4;36;1mGrade Load (0.3ms)[0m   [0;1mSELECT * FROM "grades" WHERE ("grades"."person_id" = 1) AND ("grades".assignment_id = 1) LIMIT 1[0m
  [4;35;1mGrade Load (0.2ms)[0m   [0mSELECT * FROM "grades" WHERE ("grades"."person_id" = 1) AND ("grades".assignment_id = 2) LIMIT 1[0m
  [4;36;1mGrade Load (0.2ms)[0m   [0;1mSELECT * FROM "grades" WHERE ("grades"."person_id" = 1) AND ("grades".assignment_id = 3) LIMIT 1[0m
  [4;35;1mGrade Load (0.1ms)[0m   [0mSELECT * FROM "grades" WHERE ("grades"."person_id" = 1) AND ("grades".assignment_id = 4) LIMIT 1[0m
  [4;36;1mGrade Load (0.1ms)[0m   [0;1mSELECT * FROM "grades" WHERE ("grades"."person_id" = 1) AND ("grades".assignment_id = 5) LIMIT 1[0m
  [4;35;1mGrade Load (0.3ms)[0m   [0mSELECT * FROM "grades" WHERE ("grades"."person_id" = 2) AND ("grades".assignment_id = 1) LIMIT 1[0m
  [4;36;1mGrade Load (0.3ms)[0m   [0;1mSELECT * FROM "grades" WHERE ("grades"."person_id" = 2) AND ("grades".assignment_id = 2) LIMIT 1[0m
  [4;35;1mGrade Load (3.8ms)[0m   [0mSELECT * FROM "grades" WHERE ("grades"."person_id" = 2) AND ("grades".assignment_id = 3) LIMIT 1[0m
  [4;36;1mGrade Load (0.2ms)[0m   [0;1mSELECT * FROM "grades" WHERE ("grades"."person_id" = 2) AND ("grades".assignment_id = 4) LIMIT 1[0m
  [4;35;1mGrade Load (0.2ms)[0m   [0mSELECT * FROM "grades" WHERE ("grades"."person_id" = 2) AND ("grades".assignment_id = 5) LIMIT 1[0m
  [4;36;1mGrade Load (0.2ms)[0m   [0;1mSELECT * FROM "grades" WHERE ("grades"."person_id" = 3) AND ("grades".assignment_id = 1) LIMIT 1[0m
  [4;35;1mGrade Load (0.3ms)[0m   [0mSELECT * FROM "grades" WHERE ("grades"."person_id" = 3) AND ("grades".assignment_id = 2) LIMIT 1[0m
  [4;36;1mGrade Load (0.2ms)[0m   [0;1mSELECT * FROM "grades" WHERE ("grades"."person_id" = 3) AND ("grades".assignment_id = 3) LIMIT 1[0m
  [4;35;1mGrade Load (0.1ms)[0m   [0mSELECT * FROM "grades" WHERE ("grades"."person_id" = 3) AND ("grades".assignment_id = 4) LIMIT 1[0m
  [4;36;1mGrade Load (0.1ms)[0m   [0;1mSELECT * FROM "grades" WHERE ("grades"."person_id" = 3) AND ("grades".assignment_id = 5) LIMIT 1[0m
  [4;35;1mGrade Load (0.4ms)[0m   [0mSELECT * FROM "grades" WHERE ("grades"."person_id" = 4) AND ("grades".assignment_id = 1) LIMIT 1[0m
  [4;36;1mGrade Load (0.2ms)[0m   [0;1mSELECT * FROM "grades" WHERE ("grades"."person_id" = 4) AND ("grades".assignment_id = 2) LIMIT 1[0m
  [4;35;1mGrade Load (0.2ms)[0m   [0mSELECT * FROM "grades" WHERE ("grades"."person_id" = 4) AND ("grades".assignment_id = 3) LIMIT 1[0m
  [4;36;1mGrade Load (0.1ms)[0m   [0;1mSELECT * FROM "grades" WHERE ("grades"."person_id" = 4) AND ("grades".assignment_id = 4) LIMIT 1[0m
  [4;35;1mGrade Load (0.1ms)[0m   [0mSELECT * FROM "grades" WHERE ("grades"."person_id" = 4) AND ("grades".assignment_id = 5) LIMIT 1[0m
  [4;36;1mGrade Load (0.3ms)[0m   [0;1mSELECT * FROM "grades" WHERE ("grades"."person_id" = 5) AND ("grades".assignment_id = 1) LIMIT 1[0m
  [4;35;1mGrade Load (0.2ms)[0m   [0mSELECT * FROM "grades" WHERE ("grades"."person_id" = 5) AND ("grades".assignment_id = 2) LIMIT 1[0m
  [4;36;1mGrade Load (0.2ms)[0m   [0;1mSELECT * FROM "grades" WHERE ("grades"."person_id" = 5) AND ("grades".assignment_id = 3) LIMIT 1[0m
  [4;35;1mGrade Load (0.2ms)[0m   [0mSELECT * FROM "grades" WHERE ("grades"."person_id" = 5) AND ("grades".assignment_id = 4) LIMIT 1[0m
  [4;36;1mGrade Load (0.1ms)[0m   [0;1mSELECT * FROM "grades" WHERE ("grades"."person_id" = 5) AND ("grades".assignment_id = 5) LIMIT 1[0m
Completed in 155ms (View: 137, DB: 10) | 200 OK [http://localhost/assignments]
